[S_API FAIL] SteamAPI_Init() failed; SteamAPI_IsSteamRunning() failed.
Setting breakpad minidump AppID = 346110
Using binned.
4.5.1-0+UE4 7038 3077 402 7
CtrlCHandler: Signal=15
CtrlCHandler: Signal=15
/home/ark/epicsrvrmgr/ark/start.sh: line 2: 11928 Aborted                 (core dumped) sudo /home/ark/serverfiles/ShooterGame/Binaries/Linux/ShooterGameServer TheIsland?listen?SessionName=rocksandtrees?ServerPassword=andwater?ServerAdminPassword=hondaktm -server -log -servergamelog -usecache -ForceAllowCaveFlyers -nomansky -OverideStructurePlatformPrevention=true -USEALLAVAILABLECORES
[sudo] password for ark: Killing ShooterGameServ
MAKING ark OWNER OF ALL FILES IN /home/ark
UPDATING SERVER USING /home/ark/arkserver update command
[K[ .... ] Update ark-server: [K[ .... ] Update ark-server: Checking for update: Server logs[K[[32m  OK  [0m] Update ark-server: Checking for update: Server logs: No update requested[K[ .... ] Update ark-server: Checking for update: SteamCMD[K[[32m  OK  [0m] Update ark-server: Checking for update: SteamCMD[K[[32m  OK  [0m] Update ark-server: Checking for update: SteamCMD: No update available

No update available:
	Current version: [32m1632860[0m
	Available version: [32m1632860[0m
	https://steamdb.info/app/376030/

STARTING SERVER USING: nohup /home/ark/epicsrvrmgr/ark/start.sh &
[sudo] password for ark: Killing ShooterGameServ
MAKING ark OWNER OF ALL FILES IN /home/ark
UPDATING SERVER USING /home/ark/arkserver update command
[K[ .... ] Update ark-server: [K[ .... ] Update ark-server: Checking for update: Server logs[K[[32m  OK  [0m] Update ark-server: Checking for update: Server logs: No update requested[K[ .... ] Update ark-server: Checking for update: SteamCMD[K[[32m  OK  [0m] Update ark-server: Checking for update: SteamCMD[K[[32m  OK  [0m] Update ark-server: Checking for update: SteamCMD: No update available

No update available:
	Current version: [32m1632860[0m
	Available version: [32m1632860[0m
	https://steamdb.info/app/376030/

STARTING SERVER USING: nohup /home/ark/epicsrvrmgr/ark/start.sh &
