2018-07-30 19:38:24.667225|INFO    |ServerLibPriv |   | TeamSpeak 3 Server 3.0.11.3 (2015-04-13 13:26:31)
2018-07-30 19:38:24.672286|INFO    |ServerLibPriv |   | SystemInformation: Linux 4.4.0-131-generic #157-Ubuntu SMP Thu Jul 12 15:51:36 UTC 2018 x86_64 Binary: 64bit
2018-07-30 19:38:24.681366|INFO    |DatabaseQuery |   | dbPlugin name:    SQLite3 plugin, Version 2, (c)TeamSpeak Systems GmbH
2018-07-30 19:38:24.681971|INFO    |DatabaseQuery |   | dbPlugin version: 3.6.21
2018-07-30 19:38:24.684237|INFO    |DatabaseQuery |   | checking database integrity (may take a while)
2018-07-30 19:38:24.706585|WARNING |Accounting    |   | Unable to find valid license key, falling back to limited functionality
2018-07-30 19:38:25.315710|INFO    |              |   | Puzzle precompute time: 591
2018-07-30 19:38:25.317529|INFO    |FileManager   |   | listening on 0.0.0.0:30033
2018-07-30 19:38:25.317619|ERROR   |              |   | TS3ANetwork::ResolveHostName failed error: -2 (Name or service not known) 2
2018-07-30 19:38:25.317642|ERROR   |              |   | Could not open default UDP connection for weblist
2018-07-30 19:38:25.338635|INFO    |CIDRManager   |   | updated query_ip_whitelist ips: 127.0.0.1, 
2018-07-30 19:38:25.339071|INFO    |Query         |   | listening on 0.0.0.0:10011
2018-08-01 00:02:24.801845|INFO    |VirtualSvrMgr |   | executing monthly interval
2018-08-01 00:02:24.803941|INFO    |VirtualSvrMgr |   | reset virtualserver traffic statistics
2018-08-20 09:25:50.005248|ERROR   |              |   | TS3ANetwork::Send failed error: 111
2018-08-20 09:25:52.024249|ERROR   |              |   | TS3ANetwork::Send failed error: 111
2018-08-20 09:35:48.133006|ERROR   |              |   | TS3ANetwork::Send failed error: 111
2018-08-20 09:35:50.005247|ERROR   |              |   | TS3ANetwork::Send failed error: 111
2018-08-20 09:35:52.005246|ERROR   |              |   | TS3ANetwork::Send failed error: 111
2018-08-20 09:45:48.140118|ERROR   |              |   | TS3ANetwork::Send failed error: 111
2018-08-20 09:45:50.005247|ERROR   |              |   | TS3ANetwork::Send failed error: 111
2018-08-20 09:45:52.005247|ERROR   |              |   | TS3ANetwork::Send failed error: 111
2018-08-20 09:55:48.124202|ERROR   |              |   | TS3ANetwork::Send failed error: 111
2018-08-20 09:55:50.029239|ERROR   |              |   | TS3ANetwork::Send failed error: 111
2018-08-20 09:55:52.005246|ERROR   |              |   | TS3ANetwork::Send failed error: 111
2018-08-20 10:05:48.121589|ERROR   |              |   | TS3ANetwork::Send failed error: 111
2018-08-20 10:05:50.001247|ERROR   |              |   | TS3ANetwork::Send failed error: 111
2018-08-20 10:05:52.044774|ERROR   |              |   | TS3ANetwork::Send failed error: 111
2018-08-20 10:15:48.120642|ERROR   |              |   | TS3ANetwork::Send failed error: 111
2018-08-20 10:15:50.005247|ERROR   |              |   | TS3ANetwork::Send failed error: 111
2018-08-20 10:15:52.005246|ERROR   |              |   | TS3ANetwork::Send failed error: 111
2018-08-20 10:25:48.151603|ERROR   |              |   | TS3ANetwork::Send failed error: 111
2018-08-20 10:25:50.005246|ERROR   |              |   | TS3ANetwork::Send failed error: 111
2018-08-20 10:25:52.005245|ERROR   |              |   | TS3ANetwork::Send failed error: 111
2018-08-20 10:35:48.141124|ERROR   |              |   | TS3ANetwork::Send failed error: 111
2018-08-20 10:35:50.016639|ERROR   |              |   | TS3ANetwork::Send failed error: 111
2018-08-20 10:35:52.001246|ERROR   |              |   | TS3ANetwork::Send failed error: 111
2018-08-20 10:45:48.244496|ERROR   |              |   | TS3ANetwork::Send failed error: 111
2018-08-20 10:45:50.005246|ERROR   |              |   | TS3ANetwork::Send failed error: 111
2018-08-20 10:45:52.021050|ERROR   |              |   | TS3ANetwork::Send failed error: 111
2018-08-20 10:55:48.331937|ERROR   |              |   | TS3ANetwork::Send failed error: 111
2018-08-20 10:55:50.005246|ERROR   |              |   | TS3ANetwork::Send failed error: 111
2018-08-20 10:55:52.005245|ERROR   |              |   | TS3ANetwork::Send failed error: 111
2018-08-20 11:05:48.342023|ERROR   |              |   | TS3ANetwork::Send failed error: 111
2018-08-20 11:05:50.001247|ERROR   |              |   | TS3ANetwork::Send failed error: 111
2018-08-20 11:05:52.001247|ERROR   |              |   | TS3ANetwork::Send failed error: 111
2018-08-20 11:15:48.428091|ERROR   |              |   | TS3ANetwork::Send failed error: 111
2018-08-20 11:15:50.026436|ERROR   |              |   | TS3ANetwork::Send failed error: 111
2018-08-20 11:15:52.005246|ERROR   |              |   | TS3ANetwork::Send failed error: 111
2018-08-20 11:25:48.539610|ERROR   |              |   | TS3ANetwork::Send failed error: 111
2018-08-20 11:25:50.005247|ERROR   |              |   | TS3ANetwork::Send failed error: 111
2018-08-20 11:25:52.023745|ERROR   |              |   | TS3ANetwork::Send failed error: 111
2018-08-20 11:35:48.533403|ERROR   |              |   | TS3ANetwork::Send failed error: 111
2018-08-20 11:35:50.005246|ERROR   |              |   | TS3ANetwork::Send failed error: 111
2018-08-20 11:35:52.005246|ERROR   |              |   | TS3ANetwork::Send failed error: 111
2018-08-20 11:45:48.666720|ERROR   |              |   | TS3ANetwork::Send failed error: 111
2018-08-20 11:45:50.001245|ERROR   |              |   | TS3ANetwork::Send failed error: 111
2018-08-20 11:45:52.001246|ERROR   |              |   | TS3ANetwork::Send failed error: 111
2018-08-20 11:55:48.729408|ERROR   |              |   | TS3ANetwork::Send failed error: 111
2018-08-20 11:55:50.019395|ERROR   |              |   | TS3ANetwork::Send failed error: 111
2018-08-20 11:55:52.005246|ERROR   |              |   | TS3ANetwork::Send failed error: 111
2018-08-20 12:05:48.735049|ERROR   |              |   | TS3ANetwork::Send failed error: 111
2018-08-20 12:05:50.005246|ERROR   |              |   | TS3ANetwork::Send failed error: 111
2018-08-20 12:05:52.020231|ERROR   |              |   | TS3ANetwork::Send failed error: 111
2018-08-20 12:15:48.748275|ERROR   |              |   | TS3ANetwork::Send failed error: 111
2018-08-20 12:15:50.001246|ERROR   |              |   | TS3ANetwork::Send failed error: 111
2018-08-20 12:15:52.001246|ERROR   |              |   | TS3ANetwork::Send failed error: 111
2018-08-20 12:25:48.755172|ERROR   |              |   | TS3ANetwork::Send failed error: 111
2018-08-20 12:25:50.005247|ERROR   |              |   | TS3ANetwork::Send failed error: 111
2018-08-20 12:25:52.005246|ERROR   |              |   | TS3ANetwork::Send failed error: 111
2018-08-20 12:35:48.733874|ERROR   |              |   | TS3ANetwork::Send failed error: 111
2018-08-20 12:35:50.024934|ERROR   |              |   | TS3ANetwork::Send failed error: 111
2018-08-20 12:35:52.005247|ERROR   |              |   | TS3ANetwork::Send failed error: 111
2018-08-20 12:45:48.834945|ERROR   |              |   | TS3ANetwork::Send failed error: 111
2018-08-20 12:45:50.005245|ERROR   |              |   | TS3ANetwork::Send failed error: 111
2018-08-20 12:45:52.019848|ERROR   |              |   | TS3ANetwork::Send failed error: 111
2018-08-20 12:55:48.929133|ERROR   |              |   | TS3ANetwork::Send failed error: 111
2018-08-20 12:55:50.005246|ERROR   |              |   | TS3ANetwork::Send failed error: 111
2018-08-20 12:55:52.005246|ERROR   |              |   | TS3ANetwork::Send failed error: 111
2018-08-20 13:05:48.961325|ERROR   |              |   | TS3ANetwork::Send failed error: 111
2018-08-20 13:05:50.005246|ERROR   |              |   | TS3ANetwork::Send failed error: 111
2018-08-20 13:05:52.005247|ERROR   |              |   | TS3ANetwork::Send failed error: 111
2018-08-20 13:15:49.058696|ERROR   |              |   | TS3ANetwork::Send failed error: 111
2018-08-20 13:15:51.005247|ERROR   |              |   | TS3ANetwork::Send failed error: 111
2018-08-20 13:15:53.005247|ERROR   |              |   | TS3ANetwork::Send failed error: 111
2018-08-20 13:25:49.041660|ERROR   |              |   | TS3ANetwork::Send failed error: 111
2018-08-20 13:25:51.025242|ERROR   |              |   | TS3ANetwork::Send failed error: 111
2018-08-20 13:25:53.005247|ERROR   |              |   | TS3ANetwork::Send failed error: 111
2018-08-20 13:35:49.038028|ERROR   |              |   | TS3ANetwork::Send failed error: 111
2018-08-20 13:35:51.005247|ERROR   |              |   | TS3ANetwork::Send failed error: 111
2018-08-20 13:35:53.025483|ERROR   |              |   | TS3ANetwork::Send failed error: 111
2018-08-20 13:45:49.143611|ERROR   |              |   | TS3ANetwork::Send failed error: 111
2018-08-20 13:45:51.005246|ERROR   |              |   | TS3ANetwork::Send failed error: 111
2018-08-20 13:45:53.005247|ERROR   |              |   | TS3ANetwork::Send failed error: 111
2018-08-20 13:55:49.153846|ERROR   |              |   | TS3ANetwork::Send failed error: 111
2018-08-20 13:55:51.001246|ERROR   |              |   | TS3ANetwork::Send failed error: 111
2018-08-20 13:55:53.001247|ERROR   |              |   | TS3ANetwork::Send failed error: 111
2018-08-20 14:05:49.133804|ERROR   |              |   | TS3ANetwork::Send failed error: 111
2018-08-20 14:05:51.025507|ERROR   |              |   | TS3ANetwork::Send failed error: 111
2018-08-20 14:05:53.005246|ERROR   |              |   | TS3ANetwork::Send failed error: 111
2018-08-20 14:15:49.244431|ERROR   |              |   | TS3ANetwork::Send failed error: 111
2018-08-20 14:15:51.005245|ERROR   |              |   | TS3ANetwork::Send failed error: 111
2018-08-20 14:15:53.020624|ERROR   |              |   | TS3ANetwork::Send failed error: 111
2018-08-20 14:25:49.334797|ERROR   |              |   | TS3ANetwork::Send failed error: 111
2018-08-20 14:25:51.005247|ERROR   |              |   | TS3ANetwork::Send failed error: 111
2018-08-20 14:25:53.005247|ERROR   |              |   | TS3ANetwork::Send failed error: 111
2018-08-20 14:35:49.351620|ERROR   |              |   | TS3ANetwork::Send failed error: 111
2018-08-20 14:35:51.001246|ERROR   |              |   | TS3ANetwork::Send failed error: 111
2018-08-20 14:35:53.001247|ERROR   |              |   | TS3ANetwork::Send failed error: 111
2018-08-20 14:45:49.337064|ERROR   |              |   | TS3ANetwork::Send failed error: 111
2018-08-20 14:45:51.020544|ERROR   |              |   | TS3ANetwork::Send failed error: 111
2018-08-20 14:45:53.005246|ERROR   |              |   | TS3ANetwork::Send failed error: 111
2018-08-20 14:55:49.335146|ERROR   |              |   | TS3ANetwork::Send failed error: 111
2018-08-20 14:55:51.001247|ERROR   |              |   | TS3ANetwork::Send failed error: 111
2018-08-20 14:55:53.017397|ERROR   |              |   | TS3ANetwork::Send failed error: 111
2018-08-20 15:05:49.427234|ERROR   |              |   | TS3ANetwork::Send failed error: 111
2018-08-20 15:05:51.005247|ERROR   |              |   | TS3ANetwork::Send failed error: 111
2018-08-20 15:05:53.005246|ERROR   |              |   | TS3ANetwork::Send failed error: 111
2018-08-20 15:15:49.470959|ERROR   |              |   | TS3ANetwork::Send failed error: 111
2018-08-20 15:15:51.005245|ERROR   |              |   | TS3ANetwork::Send failed error: 111
2018-08-20 15:15:53.005247|ERROR   |              |   | TS3ANetwork::Send failed error: 111
2018-08-20 15:25:49.448880|ERROR   |              |   | TS3ANetwork::Send failed error: 111
2018-08-20 15:25:51.025351|ERROR   |              |   | TS3ANetwork::Send failed error: 111
2018-08-20 15:25:53.005248|ERROR   |              |   | TS3ANetwork::Send failed error: 111
2018-08-20 15:35:49.425643|ERROR   |              |   | TS3ANetwork::Send failed error: 111
2018-08-20 15:35:51.005247|ERROR   |              |   | TS3ANetwork::Send failed error: 111
2018-08-20 15:35:53.022736|ERROR   |              |   | TS3ANetwork::Send failed error: 111
2018-08-20 15:45:49.534881|ERROR   |              |   | TS3ANetwork::Send failed error: 111
2018-08-20 15:45:51.005247|ERROR   |              |   | TS3ANetwork::Send failed error: 111
2018-08-20 15:45:53.005246|ERROR   |              |   | TS3ANetwork::Send failed error: 111
2018-08-20 15:55:49.660956|ERROR   |              |   | TS3ANetwork::Send failed error: 111
2018-08-20 15:55:51.001247|ERROR   |              |   | TS3ANetwork::Send failed error: 111
2018-08-20 15:55:53.001246|ERROR   |              |   | TS3ANetwork::Send failed error: 111
2018-08-20 16:05:49.636684|ERROR   |              |   | TS3ANetwork::Send failed error: 111
2018-08-20 16:05:51.439270|ERROR   |              |   | TS3ANetwork::Send failed error: 111
2018-08-20 16:05:53.005246|ERROR   |              |   | TS3ANetwork::Send failed error: 111
2018-08-20 16:15:49.742850|ERROR   |              |   | TS3ANetwork::Send failed error: 111
2018-08-20 16:15:51.005245|ERROR   |              |   | TS3ANetwork::Send failed error: 111
2018-08-20 16:15:53.019666|ERROR   |              |   | TS3ANetwork::Send failed error: 111
2018-08-20 16:25:49.745293|ERROR   |              |   | TS3ANetwork::Send failed error: 111
2018-08-20 16:25:51.001247|ERROR   |              |   | TS3ANetwork::Send failed error: 111
2018-08-20 16:25:53.005246|ERROR   |              |   | TS3ANetwork::Send failed error: 111
2018-08-20 16:35:49.760874|ERROR   |              |   | TS3ANetwork::Send failed error: 111
2018-08-20 16:35:51.005246|ERROR   |              |   | TS3ANetwork::Send failed error: 111
2018-08-20 16:35:53.005246|ERROR   |              |   | TS3ANetwork::Send failed error: 111
2018-08-20 16:45:49.739730|ERROR   |              |   | TS3ANetwork::Send failed error: 111
2018-08-20 16:45:51.022406|ERROR   |              |   | TS3ANetwork::Send failed error: 111
2018-08-20 16:45:53.001249|ERROR   |              |   | TS3ANetwork::Send failed error: 111
2018-08-20 16:55:49.832453|ERROR   |              |   | TS3ANetwork::Send failed error: 111
2018-08-20 16:55:51.005247|ERROR   |              |   | TS3ANetwork::Send failed error: 111
2018-08-20 16:55:53.020925|ERROR   |              |   | TS3ANetwork::Send failed error: 111
2018-08-20 17:05:49.831913|ERROR   |              |   | TS3ANetwork::Send failed error: 111
2018-08-20 17:05:51.005246|ERROR   |              |   | TS3ANetwork::Send failed error: 111
2018-08-20 17:05:53.005245|ERROR   |              |   | TS3ANetwork::Send failed error: 111
2018-08-20 17:15:49.847537|ERROR   |              |   | TS3ANetwork::Send failed error: 111
2018-08-20 17:15:51.001247|ERROR   |              |   | TS3ANetwork::Send failed error: 111
2018-08-20 17:15:53.001247|ERROR   |              |   | TS3ANetwork::Send failed error: 111
2018-08-20 17:25:49.939681|ERROR   |              |   | TS3ANetwork::Send failed error: 111
2018-08-20 17:25:51.020109|ERROR   |              |   | TS3ANetwork::Send failed error: 111
2018-08-20 17:25:53.005246|ERROR   |              |   | TS3ANetwork::Send failed error: 111
2018-08-20 17:35:49.936960|ERROR   |              |   | TS3ANetwork::Send failed error: 111
2018-08-20 17:35:51.005247|ERROR   |              |   | TS3ANetwork::Send failed error: 111
2018-08-20 17:35:53.023568|ERROR   |              |   | TS3ANetwork::Send failed error: 111
2018-08-20 17:45:50.041077|ERROR   |              |   | TS3ANetwork::Send failed error: 111
2018-08-20 17:45:52.001247|ERROR   |              |   | TS3ANetwork::Send failed error: 111
2018-08-20 17:45:54.015840|ERROR   |              |   | TS3ANetwork::Send failed error: 111
2018-08-20 17:55:50.047105|ERROR   |              |   | TS3ANetwork::Send failed error: 111
2018-08-20 17:55:52.005248|ERROR   |              |   | TS3ANetwork::Send failed error: 111
2018-08-20 17:55:54.005245|ERROR   |              |   | TS3ANetwork::Send failed error: 111
2018-08-20 18:05:50.053767|ERROR   |              |   | TS3ANetwork::Send failed error: 111
2018-08-20 18:05:52.005247|ERROR   |              |   | TS3ANetwork::Send failed error: 111
2018-08-20 18:05:54.005246|ERROR   |              |   | TS3ANetwork::Send failed error: 111
2018-08-20 18:15:50.044739|ERROR   |              |   | TS3ANetwork::Send failed error: 111
2018-08-20 18:15:52.025240|ERROR   |              |   | TS3ANetwork::Send failed error: 111
2018-08-20 18:15:54.005245|ERROR   |              |   | TS3ANetwork::Send failed error: 111
2018-08-20 18:25:50.042777|ERROR   |              |   | TS3ANetwork::Send failed error: 111
2018-08-20 18:25:52.005248|ERROR   |              |   | TS3ANetwork::Send failed error: 111
2018-08-20 18:25:54.019488|ERROR   |              |   | TS3ANetwork::Send failed error: 111
2018-08-20 18:35:50.144250|ERROR   |              |   | TS3ANetwork::Send failed error: 111
2018-08-20 18:35:52.001247|ERROR   |              |   | TS3ANetwork::Send failed error: 111
2018-08-20 18:35:54.001247|ERROR   |              |   | TS3ANetwork::Send failed error: 111
2018-08-20 18:45:50.253214|ERROR   |              |   | TS3ANetwork::Send failed error: 111
2018-08-20 18:45:52.005247|ERROR   |              |   | TS3ANetwork::Send failed error: 111
2018-08-20 18:45:54.005247|ERROR   |              |   | TS3ANetwork::Send failed error: 111
2018-08-20 18:55:50.329302|ERROR   |              |   | TS3ANetwork::Send failed error: 111
2018-08-20 18:55:52.020752|ERROR   |              |   | TS3ANetwork::Send failed error: 111
2018-08-20 18:55:54.005247|ERROR   |              |   | TS3ANetwork::Send failed error: 111
2018-08-20 19:05:50.342078|ERROR   |              |   | TS3ANetwork::Send failed error: 111
2018-08-20 19:05:52.001247|ERROR   |              |   | TS3ANetwork::Send failed error: 111
2018-08-20 19:05:54.020908|ERROR   |              |   | TS3ANetwork::Send failed error: 111
2018-08-20 19:15:50.440522|ERROR   |              |   | TS3ANetwork::Send failed error: 111
2018-08-20 19:15:52.005247|ERROR   |              |   | TS3ANetwork::Send failed error: 111
2018-08-20 19:15:54.005247|ERROR   |              |   | TS3ANetwork::Send failed error: 111
2018-08-20 19:25:50.465413|ERROR   |              |   | TS3ANetwork::Send failed error: 111
2018-08-20 19:25:52.001246|ERROR   |              |   | TS3ANetwork::Send failed error: 111
2018-08-20 19:25:54.001246|ERROR   |              |   | TS3ANetwork::Send failed error: 111
2018-08-20 19:35:50.537268|ERROR   |              |   | TS3ANetwork::Send failed error: 111
2018-08-20 19:35:52.020326|ERROR   |              |   | TS3ANetwork::Send failed error: 111
2018-08-20 19:35:54.001246|ERROR   |              |   | TS3ANetwork::Send failed error: 111
2018-08-20 19:45:50.534421|ERROR   |              |   | TS3ANetwork::Send failed error: 111
2018-08-20 19:45:52.005245|ERROR   |              |   | TS3ANetwork::Send failed error: 111
2018-08-20 19:45:54.020997|ERROR   |              |   | TS3ANetwork::Send failed error: 111
2018-08-20 19:55:50.547339|ERROR   |              |   | TS3ANetwork::Send failed error: 111
2018-08-20 19:55:52.005247|ERROR   |              |   | TS3ANetwork::Send failed error: 111
2018-08-20 19:55:54.005246|ERROR   |              |   | TS3ANetwork::Send failed error: 111
2018-08-20 20:05:50.664456|ERROR   |              |   | TS3ANetwork::Send failed error: 111
2018-08-20 20:05:52.001247|ERROR   |              |   | TS3ANetwork::Send failed error: 111
2018-08-20 20:05:54.001246|ERROR   |              |   | TS3ANetwork::Send failed error: 111
2018-08-20 20:15:50.723424|ERROR   |              |   | TS3ANetwork::Send failed error: 111
2018-08-20 20:15:52.023517|ERROR   |              |   | TS3ANetwork::Send failed error: 111
2018-08-20 20:15:54.005247|ERROR   |              |   | TS3ANetwork::Send failed error: 111
2018-08-20 20:25:50.825629|ERROR   |              |   | TS3ANetwork::Send failed error: 111
2018-08-20 20:25:52.001246|ERROR   |              |   | TS3ANetwork::Send failed error: 111
2018-08-20 20:25:54.016282|ERROR   |              |   | TS3ANetwork::Send failed error: 111
2018-08-20 20:35:50.832926|ERROR   |              |   | TS3ANetwork::Send failed error: 111
2018-08-20 20:35:52.005246|ERROR   |              |   | TS3ANetwork::Send failed error: 111
2018-08-20 20:35:54.005246|ERROR   |              |   | TS3ANetwork::Send failed error: 111
2018-08-20 20:45:50.852080|ERROR   |              |   | TS3ANetwork::Send failed error: 111
2018-08-20 20:45:52.005246|ERROR   |              |   | TS3ANetwork::Send failed error: 111
2018-08-20 20:45:54.005246|ERROR   |              |   | TS3ANetwork::Send failed error: 111
2018-08-20 20:55:50.835847|ERROR   |              |   | TS3ANetwork::Send failed error: 111
2018-08-20 20:55:52.021695|ERROR   |              |   | TS3ANetwork::Send failed error: 111
2018-08-20 20:55:54.005247|ERROR   |              |   | TS3ANetwork::Send failed error: 111
2018-08-20 21:05:50.937817|ERROR   |              |   | TS3ANetwork::Send failed error: 111
2018-08-20 21:05:52.005249|ERROR   |              |   | TS3ANetwork::Send failed error: 111
2018-08-20 21:05:54.020143|ERROR   |              |   | TS3ANetwork::Send failed error: 111
2018-08-20 21:15:50.940933|ERROR   |              |   | TS3ANetwork::Send failed error: 111
2018-08-20 21:15:52.005246|ERROR   |              |   | TS3ANetwork::Send failed error: 111
2018-08-20 21:15:54.005247|ERROR   |              |   | TS3ANetwork::Send failed error: 111
2018-08-20 21:25:50.968333|ERROR   |              |   | TS3ANetwork::Send failed error: 111
2018-08-20 21:25:52.001246|ERROR   |              |   | TS3ANetwork::Send failed error: 111
2018-08-20 21:25:54.001245|ERROR   |              |   | TS3ANetwork::Send failed error: 111
2018-08-20 21:35:50.929654|ERROR   |              |   | TS3ANetwork::Send failed error: 111
2018-08-20 21:35:52.026479|ERROR   |              |   | TS3ANetwork::Send failed error: 111
2018-08-20 21:35:54.001247|ERROR   |              |   | TS3ANetwork::Send failed error: 111
2018-08-20 21:45:51.050814|ERROR   |              |   | TS3ANetwork::Send failed error: 111
2018-08-20 21:45:53.016071|ERROR   |              |   | TS3ANetwork::Send failed error: 111
2018-08-20 21:45:55.001247|ERROR   |              |   | TS3ANetwork::Send failed error: 111
2018-08-20 21:55:51.039910|ERROR   |              |   | TS3ANetwork::Send failed error: 111
2018-08-20 21:55:53.005246|ERROR   |              |   | TS3ANetwork::Send failed error: 111
2018-08-20 21:55:55.028821|ERROR   |              |   | TS3ANetwork::Send failed error: 111
2018-08-20 22:05:51.040262|ERROR   |              |   | TS3ANetwork::Send failed error: 111
2018-08-20 22:05:53.005247|ERROR   |              |   | TS3ANetwork::Send failed error: 111
2018-08-20 22:05:55.005247|ERROR   |              |   | TS3ANetwork::Send failed error: 111
2018-08-20 22:15:51.064609|ERROR   |              |   | TS3ANetwork::Send failed error: 111
2018-08-20 22:15:53.005245|ERROR   |              |   | TS3ANetwork::Send failed error: 111
2018-08-20 22:15:55.005246|ERROR   |              |   | TS3ANetwork::Send failed error: 111
2018-08-20 22:25:51.040293|ERROR   |              |   | TS3ANetwork::Send failed error: 111
2018-08-20 22:25:53.028092|ERROR   |              |   | TS3ANetwork::Send failed error: 111
2018-08-20 22:25:55.005246|ERROR   |              |   | TS3ANetwork::Send failed error: 111
2018-08-20 22:35:51.132866|ERROR   |              |   | TS3ANetwork::Send failed error: 111
2018-08-20 22:35:53.001247|ERROR   |              |   | TS3ANetwork::Send failed error: 111
2018-08-20 22:35:55.019567|ERROR   |              |   | TS3ANetwork::Send failed error: 111
2018-08-20 22:45:51.121853|ERROR   |              |   | TS3ANetwork::Send failed error: 111
2018-08-20 22:45:53.005246|ERROR   |              |   | TS3ANetwork::Send failed error: 111
2018-08-20 22:45:55.005246|ERROR   |              |   | TS3ANetwork::Send failed error: 111
2018-08-20 22:55:51.141345|ERROR   |              |   | TS3ANetwork::Send failed error: 111
2018-08-20 22:55:53.005246|ERROR   |              |   | TS3ANetwork::Send failed error: 111
2018-08-20 22:55:55.005247|ERROR   |              |   | TS3ANetwork::Send failed error: 111
2018-08-20 23:05:51.137832|ERROR   |              |   | TS3ANetwork::Send failed error: 111
2018-08-20 23:05:53.023813|ERROR   |              |   | TS3ANetwork::Send failed error: 111
2018-08-20 23:05:55.005245|ERROR   |              |   | TS3ANetwork::Send failed error: 111
2018-08-20 23:15:51.146028|ERROR   |              |   | TS3ANetwork::Send failed error: 111
2018-08-20 23:15:53.001247|ERROR   |              |   | TS3ANetwork::Send failed error: 111
2018-08-20 23:15:55.020897|ERROR   |              |   | TS3ANetwork::Send failed error: 111
2018-08-20 23:25:51.239894|ERROR   |              |   | TS3ANetwork::Send failed error: 111
2018-08-20 23:25:53.005247|ERROR   |              |   | TS3ANetwork::Send failed error: 111
2018-08-20 23:25:55.005246|ERROR   |              |   | TS3ANetwork::Send failed error: 111
2018-08-20 23:35:51.257241|ERROR   |              |   | TS3ANetwork::Send failed error: 111
2018-08-20 23:35:53.001245|ERROR   |              |   | TS3ANetwork::Send failed error: 111
2018-08-20 23:35:55.001246|ERROR   |              |   | TS3ANetwork::Send failed error: 111
2018-08-20 23:45:51.235053|ERROR   |              |   | TS3ANetwork::Send failed error: 111
2018-08-20 23:45:53.027499|ERROR   |              |   | TS3ANetwork::Send failed error: 111
2018-08-20 23:45:55.005247|ERROR   |              |   | TS3ANetwork::Send failed error: 111
2018-08-20 23:55:51.342042|ERROR   |              |   | TS3ANetwork::Send failed error: 111
2018-08-20 23:55:53.001247|ERROR   |              |   | TS3ANetwork::Send failed error: 111
2018-08-20 23:55:55.021886|ERROR   |              |   | TS3ANetwork::Send failed error: 111
2018-08-21 00:05:51.344556|ERROR   |              |   | TS3ANetwork::Send failed error: 111
2018-08-21 00:05:53.001246|ERROR   |              |   | TS3ANetwork::Send failed error: 111
2018-08-21 00:05:55.001246|ERROR   |              |   | TS3ANetwork::Send failed error: 111
2018-08-21 00:15:51.433593|ERROR   |              |   | TS3ANetwork::Send failed error: 111
2018-08-21 00:15:53.005247|ERROR   |              |   | TS3ANetwork::Send failed error: 111
2018-08-21 00:15:55.005247|ERROR   |              |   | TS3ANetwork::Send failed error: 111
2018-08-21 00:25:51.440541|ERROR   |              |   | TS3ANetwork::Send failed error: 111
2018-08-21 00:25:53.027537|ERROR   |              |   | TS3ANetwork::Send failed error: 111
2018-08-21 00:25:55.005247|ERROR   |              |   | TS3ANetwork::Send failed error: 111
2018-08-21 00:35:51.534651|ERROR   |              |   | TS3ANetwork::Send failed error: 111
2018-08-21 00:35:53.001246|ERROR   |              |   | TS3ANetwork::Send failed error: 111
2018-08-21 00:35:55.015631|ERROR   |              |   | TS3ANetwork::Send failed error: 111
2018-08-21 00:45:51.629304|ERROR   |              |   | TS3ANetwork::Send failed error: 111
2018-08-21 00:45:53.005247|ERROR   |              |   | TS3ANetwork::Send failed error: 111
2018-08-21 00:45:55.005245|ERROR   |              |   | TS3ANetwork::Send failed error: 111
2018-08-21 00:55:51.659258|ERROR   |              |   | TS3ANetwork::Send failed error: 111
2018-08-21 00:55:53.005248|ERROR   |              |   | TS3ANetwork::Send failed error: 111
2018-08-21 00:55:55.005245|ERROR   |              |   | TS3ANetwork::Send failed error: 111
2018-08-21 01:05:51.737908|ERROR   |              |   | TS3ANetwork::Send failed error: 111
2018-08-21 01:05:53.021776|ERROR   |              |   | TS3ANetwork::Send failed error: 111
2018-08-21 01:05:55.005246|ERROR   |              |   | TS3ANetwork::Send failed error: 111
2018-08-21 01:15:51.744144|ERROR   |              |   | TS3ANetwork::Send failed error: 111
2018-08-21 01:15:53.005245|ERROR   |              |   | TS3ANetwork::Send failed error: 111
2018-08-21 01:15:55.020133|ERROR   |              |   | TS3ANetwork::Send failed error: 111
2018-08-21 01:25:51.746023|ERROR   |              |   | TS3ANetwork::Send failed error: 111
2018-08-21 01:25:53.001246|ERROR   |              |   | TS3ANetwork::Send failed error: 111
2018-08-21 01:25:55.001245|ERROR   |              |   | TS3ANetwork::Send failed error: 111
2018-08-21 01:35:51.856555|ERROR   |              |   | TS3ANetwork::Send failed error: 111
2018-08-21 01:35:53.005246|ERROR   |              |   | TS3ANetwork::Send failed error: 111
2018-08-21 01:35:55.005246|ERROR   |              |   | TS3ANetwork::Send failed error: 111
2018-08-21 01:45:51.843560|ERROR   |              |   | TS3ANetwork::Send failed error: 111
2018-08-21 01:45:53.027575|ERROR   |              |   | TS3ANetwork::Send failed error: 111
2018-08-21 01:45:55.005246|ERROR   |              |   | TS3ANetwork::Send failed error: 111
2018-08-21 01:55:51.843832|ERROR   |              |   | TS3ANetwork::Send failed error: 111
2018-08-21 01:55:53.005246|ERROR   |              |   | TS3ANetwork::Send failed error: 111
2018-08-21 01:55:55.029302|ERROR   |              |   | TS3ANetwork::Send failed error: 111
2018-08-21 02:05:51.922560|ERROR   |              |   | TS3ANetwork::Send failed error: 111
2018-08-21 02:05:53.005247|ERROR   |              |   | TS3ANetwork::Send failed error: 111
2018-08-21 02:05:55.005247|ERROR   |              |   | TS3ANetwork::Send failed error: 111
2018-08-21 02:15:51.959685|ERROR   |              |   | TS3ANetwork::Send failed error: 111
2018-08-21 02:15:55.001245|ERROR   |              |   | TS3ANetwork::Send failed error: 111
2018-08-21 02:25:52.058148|ERROR   |              |   | TS3ANetwork::Send failed error: 111
2018-08-21 02:25:54.001247|ERROR   |              |   | TS3ANetwork::Send failed error: 111
2018-08-21 02:35:52.031921|ERROR   |              |   | TS3ANetwork::Send failed error: 111
2018-08-21 02:35:54.020986|ERROR   |              |   | TS3ANetwork::Send failed error: 111
2018-08-21 02:35:56.005245|ERROR   |              |   | TS3ANetwork::Send failed error: 111
2018-08-21 02:45:52.044727|ERROR   |              |   | TS3ANetwork::Send failed error: 111
2018-08-21 02:45:54.005247|ERROR   |              |   | TS3ANetwork::Send failed error: 111
2018-08-21 02:45:56.020719|ERROR   |              |   | TS3ANetwork::Send failed error: 111
2018-08-21 02:55:52.147959|ERROR   |              |   | TS3ANetwork::Send failed error: 111
2018-08-21 02:55:54.001247|ERROR   |              |   | TS3ANetwork::Send failed error: 111
2018-08-21 02:55:56.001247|ERROR   |              |   | TS3ANetwork::Send failed error: 111
2018-08-21 03:05:52.154173|ERROR   |              |   | TS3ANetwork::Send failed error: 111
2018-08-21 03:05:54.005248|ERROR   |              |   | TS3ANetwork::Send failed error: 111
2018-08-21 03:05:56.005245|ERROR   |              |   | TS3ANetwork::Send failed error: 111
2018-08-21 03:15:52.138468|ERROR   |              |   | TS3ANetwork::Send failed error: 111
2018-08-21 03:15:54.021647|ERROR   |              |   | TS3ANetwork::Send failed error: 111
2018-08-21 03:15:56.005247|ERROR   |              |   | TS3ANetwork::Send failed error: 111
2018-08-21 03:25:52.139947|ERROR   |              |   | TS3ANetwork::Send failed error: 111
2018-08-21 03:25:54.005248|ERROR   |              |   | TS3ANetwork::Send failed error: 111
2018-08-21 03:25:56.021359|ERROR   |              |   | TS3ANetwork::Send failed error: 111
2018-08-21 03:35:52.227074|ERROR   |              |   | TS3ANetwork::Send failed error: 111
2018-08-21 03:35:54.001247|ERROR   |              |   | TS3ANetwork::Send failed error: 111
2018-08-21 03:35:56.001246|ERROR   |              |   | TS3ANetwork::Send failed error: 111
2018-08-21 03:45:52.346457|ERROR   |              |   | TS3ANetwork::Send failed error: 111
2018-08-21 03:45:54.005247|ERROR   |              |   | TS3ANetwork::Send failed error: 111
2018-08-21 03:45:56.005247|ERROR   |              |   | TS3ANetwork::Send failed error: 111
2018-08-21 03:55:52.244874|ERROR   |              |   | TS3ANetwork::Send failed error: 111
2018-08-21 03:55:54.025067|ERROR   |              |   | TS3ANetwork::Send failed error: 111
2018-08-21 03:55:56.005246|ERROR   |              |   | TS3ANetwork::Send failed error: 111
2018-08-21 04:05:52.343582|ERROR   |              |   | TS3ANetwork::Send failed error: 111
2018-08-21 04:05:54.005246|ERROR   |              |   | TS3ANetwork::Send failed error: 111
2018-08-21 04:05:56.026206|ERROR   |              |   | TS3ANetwork::Send failed error: 111
2018-08-21 04:15:52.335244|ERROR   |              |   | TS3ANetwork::Send failed error: 111
2018-08-21 04:15:54.005246|ERROR   |              |   | TS3ANetwork::Send failed error: 111
2018-08-21 04:15:56.005246|ERROR   |              |   | TS3ANetwork::Send failed error: 111
2018-08-21 04:25:52.461333|ERROR   |              |   | TS3ANetwork::Send failed error: 111
2018-08-21 04:25:54.005245|ERROR   |              |   | TS3ANetwork::Send failed error: 111
2018-08-21 04:25:56.005246|ERROR   |              |   | TS3ANetwork::Send failed error: 111
2018-08-21 04:35:52.436619|ERROR   |              |   | TS3ANetwork::Send failed error: 111
2018-08-21 04:35:54.040389|ERROR   |              |   | TS3ANetwork::Send failed error: 111
2018-08-21 04:35:56.005248|ERROR   |              |   | TS3ANetwork::Send failed error: 111
2018-08-21 04:45:52.538514|ERROR   |              |   | TS3ANetwork::Send failed error: 111
2018-08-21 04:45:54.001247|ERROR   |              |   | TS3ANetwork::Send failed error: 111
2018-08-21 04:45:56.017048|ERROR   |              |   | TS3ANetwork::Send failed error: 111
2018-08-21 04:55:52.555967|ERROR   |              |   | TS3ANetwork::Send failed error: 111
2018-08-21 04:55:54.005246|ERROR   |              |   | TS3ANetwork::Send failed error: 111
2018-08-21 04:55:56.005246|ERROR   |              |   | TS3ANetwork::Send failed error: 111
2018-08-21 05:05:52.667690|ERROR   |              |   | TS3ANetwork::Send failed error: 111
2018-08-21 05:05:54.005247|ERROR   |              |   | TS3ANetwork::Send failed error: 111
2018-08-21 05:05:56.005246|ERROR   |              |   | TS3ANetwork::Send failed error: 111
2018-08-21 05:15:52.633430|ERROR   |              |   | TS3ANetwork::Send failed error: 111
2018-08-21 05:15:54.016192|ERROR   |              |   | TS3ANetwork::Send failed error: 111
2018-08-21 05:15:56.001250|ERROR   |              |   | TS3ANetwork::Send failed error: 111
2018-08-21 05:25:52.728420|ERROR   |              |   | TS3ANetwork::Send failed error: 111
2018-08-21 05:25:54.005246|ERROR   |              |   | TS3ANetwork::Send failed error: 111
2018-08-21 05:25:56.020824|ERROR   |              |   | TS3ANetwork::Send failed error: 111
2018-08-21 05:35:52.741291|ERROR   |              |   | TS3ANetwork::Send failed error: 111
2018-08-21 05:35:54.005246|ERROR   |              |   | TS3ANetwork::Send failed error: 111
2018-08-21 05:35:56.005248|ERROR   |              |   | TS3ANetwork::Send failed error: 111
2018-08-21 05:45:52.861644|ERROR   |              |   | TS3ANetwork::Send failed error: 111
2018-08-21 05:45:54.005248|ERROR   |              |   | TS3ANetwork::Send failed error: 111
2018-08-21 05:45:56.005247|ERROR   |              |   | TS3ANetwork::Send failed error: 111
2018-08-21 05:55:52.843828|ERROR   |              |   | TS3ANetwork::Send failed error: 111
2018-08-21 05:55:54.020077|ERROR   |              |   | TS3ANetwork::Send failed error: 111
2018-08-21 05:55:56.005246|ERROR   |              |   | TS3ANetwork::Send failed error: 111
2018-08-21 06:05:52.838299|ERROR   |              |   | TS3ANetwork::Send failed error: 111
2018-08-21 06:05:54.001247|ERROR   |              |   | TS3ANetwork::Send failed error: 111
2018-08-21 06:05:56.019976|ERROR   |              |   | TS3ANetwork::Send failed error: 111
2018-08-21 06:15:52.835837|ERROR   |              |   | TS3ANetwork::Send failed error: 111
2018-08-21 06:15:54.005246|ERROR   |              |   | TS3ANetwork::Send failed error: 111
2018-08-21 06:15:56.005246|ERROR   |              |   | TS3ANetwork::Send failed error: 111
2018-08-21 06:25:52.956862|ERROR   |              |   | TS3ANetwork::Send failed error: 111
2018-08-21 06:25:54.005246|ERROR   |              |   | TS3ANetwork::Send failed error: 111
2018-08-21 06:25:56.005247|ERROR   |              |   | TS3ANetwork::Send failed error: 111
2018-08-21 06:35:52.948084|ERROR   |              |   | TS3ANetwork::Send failed error: 111
2018-08-21 06:35:54.016484|ERROR   |              |   | TS3ANetwork::Send failed error: 111
2018-08-21 06:35:56.001246|ERROR   |              |   | TS3ANetwork::Send failed error: 111
2018-08-21 06:45:52.940283|ERROR   |              |   | TS3ANetwork::Send failed error: 111
2018-08-21 06:45:54.005247|ERROR   |              |   | TS3ANetwork::Send failed error: 111
2018-08-21 06:45:56.022618|ERROR   |              |   | TS3ANetwork::Send failed error: 111
2018-08-21 06:55:52.941004|ERROR   |              |   | TS3ANetwork::Send failed error: 111
2018-08-21 06:55:54.005246|ERROR   |              |   | TS3ANetwork::Send failed error: 111
2018-08-21 06:55:56.005247|ERROR   |              |   | TS3ANetwork::Send failed error: 111
2018-08-21 07:05:53.055174|ERROR   |              |   | TS3ANetwork::Send failed error: 111
2018-08-21 07:05:55.005247|ERROR   |              |   | TS3ANetwork::Send failed error: 111
2018-08-21 07:05:57.005246|ERROR   |              |   | TS3ANetwork::Send failed error: 111
2018-08-21 07:15:53.120536|ERROR   |              |   | TS3ANetwork::Send failed error: 111
2018-08-21 07:15:55.021329|ERROR   |              |   | TS3ANetwork::Send failed error: 111
2018-08-21 07:15:57.005246|ERROR   |              |   | TS3ANetwork::Send failed error: 111
2018-08-21 07:25:53.251309|ERROR   |              |   | TS3ANetwork::Send failed error: 111
2018-08-21 07:25:55.001245|ERROR   |              |   | TS3ANetwork::Send failed error: 111
2018-08-21 07:25:57.017066|ERROR   |              |   | TS3ANetwork::Send failed error: 111
2018-08-21 07:35:53.332018|ERROR   |              |   | TS3ANetwork::Send failed error: 111
2018-08-21 07:35:55.005246|ERROR   |              |   | TS3ANetwork::Send failed error: 111
2018-08-21 07:35:57.005245|ERROR   |              |   | TS3ANetwork::Send failed error: 111
2018-08-21 07:45:53.352950|ERROR   |              |   | TS3ANetwork::Send failed error: 111
2018-08-21 07:45:55.005248|ERROR   |              |   | TS3ANetwork::Send failed error: 111
2018-08-21 07:45:57.005246|ERROR   |              |   | TS3ANetwork::Send failed error: 111
2018-08-21 07:55:53.349454|ERROR   |              |   | TS3ANetwork::Send failed error: 111
2018-08-21 07:55:55.015346|ERROR   |              |   | TS3ANetwork::Send failed error: 111
2018-08-21 07:55:57.001247|ERROR   |              |   | TS3ANetwork::Send failed error: 111
2018-08-21 08:05:53.338041|ERROR   |              |   | TS3ANetwork::Send failed error: 111
2018-08-21 08:05:55.005245|ERROR   |              |   | TS3ANetwork::Send failed error: 111
2018-08-21 08:05:57.026617|ERROR   |              |   | TS3ANetwork::Send failed error: 111
2018-08-21 08:15:53.350167|ERROR   |              |   | TS3ANetwork::Send failed error: 111
2018-08-21 08:15:55.001248|ERROR   |              |   | TS3ANetwork::Send failed error: 111
2018-08-21 08:15:57.001247|ERROR   |              |   | TS3ANetwork::Send failed error: 111
2018-08-21 08:25:53.454959|ERROR   |              |   | TS3ANetwork::Send failed error: 111
2018-08-21 08:25:55.005246|ERROR   |              |   | TS3ANetwork::Send failed error: 111
2018-08-21 08:25:57.005246|ERROR   |              |   | TS3ANetwork::Send failed error: 111
2018-08-21 08:35:53.536545|ERROR   |              |   | TS3ANetwork::Send failed error: 111
2018-08-21 08:35:55.019903|ERROR   |              |   | TS3ANetwork::Send failed error: 111
2018-08-21 08:35:57.005246|ERROR   |              |   | TS3ANetwork::Send failed error: 111
2018-08-21 08:45:53.551549|ERROR   |              |   | TS3ANetwork::Send failed error: 111
2018-08-21 08:45:55.005247|ERROR   |              |   | TS3ANetwork::Send failed error: 111
2018-08-21 08:45:57.019968|ERROR   |              |   | TS3ANetwork::Send failed error: 111
2018-08-21 08:55:53.642350|ERROR   |              |   | TS3ANetwork::Send failed error: 111
2018-08-21 08:55:55.001246|ERROR   |              |   | TS3ANetwork::Send failed error: 111
2018-08-21 08:55:57.001245|ERROR   |              |   | TS3ANetwork::Send failed error: 111
2018-08-21 09:05:53.753037|ERROR   |              |   | TS3ANetwork::Send failed error: 111
2018-08-21 09:05:55.005247|ERROR   |              |   | TS3ANetwork::Send failed error: 111
2018-08-21 09:05:57.005246|ERROR   |              |   | TS3ANetwork::Send failed error: 111
2018-08-21 09:15:53.741091|ERROR   |              |   | TS3ANetwork::Send failed error: 111
2018-08-21 09:15:55.021583|ERROR   |              |   | TS3ANetwork::Send failed error: 111
2018-08-21 09:15:57.005247|ERROR   |              |   | TS3ANetwork::Send failed error: 111
2018-08-21 09:25:53.838877|ERROR   |              |   | TS3ANetwork::Send failed error: 111
2018-08-21 09:25:55.005246|ERROR   |              |   | TS3ANetwork::Send failed error: 111
2018-08-21 09:25:57.019806|ERROR   |              |   | TS3ANetwork::Send failed error: 111
2018-08-21 09:35:53.936582|ERROR   |              |   | TS3ANetwork::Send failed error: 111
2018-08-21 09:35:55.005247|ERROR   |              |   | TS3ANetwork::Send failed error: 111
2018-08-21 09:35:57.005246|ERROR   |              |   | TS3ANetwork::Send failed error: 111
2018-08-21 09:45:53.949993|ERROR   |              |   | TS3ANetwork::Send failed error: 111
2018-08-21 09:45:55.001246|ERROR   |              |   | TS3ANetwork::Send failed error: 111
2018-08-21 09:45:57.001246|ERROR   |              |   | TS3ANetwork::Send failed error: 111
2018-08-21 09:55:54.065624|ERROR   |              |   | TS3ANetwork::Send failed error: 111
2018-08-21 09:55:56.005247|ERROR   |              |   | TS3ANetwork::Send failed error: 111
2018-08-21 09:55:58.005247|ERROR   |              |   | TS3ANetwork::Send failed error: 111
2018-08-21 10:05:54.140957|ERROR   |              |   | TS3ANetwork::Send failed error: 111
2018-08-21 10:05:56.025359|ERROR   |              |   | TS3ANetwork::Send failed error: 111
2018-08-21 10:05:58.005247|ERROR   |              |   | TS3ANetwork::Send failed error: 111
2018-08-21 10:15:54.128529|ERROR   |              |   | TS3ANetwork::Send failed error: 111
2018-08-21 10:15:56.005246|ERROR   |              |   | TS3ANetwork::Send failed error: 111
2018-08-21 10:15:58.021897|ERROR   |              |   | TS3ANetwork::Send failed error: 111
2018-08-21 10:25:54.242232|ERROR   |              |   | TS3ANetwork::Send failed error: 111
2018-08-21 10:25:56.005246|ERROR   |              |   | TS3ANetwork::Send failed error: 111
2018-08-21 10:25:58.005246|ERROR   |              |   | TS3ANetwork::Send failed error: 111
2018-08-21 10:35:54.256123|ERROR   |              |   | TS3ANetwork::Send failed error: 111
2018-08-21 10:35:56.001247|ERROR   |              |   | TS3ANetwork::Send failed error: 111
2018-08-21 10:35:58.001246|ERROR   |              |   | TS3ANetwork::Send failed error: 111
2018-08-21 10:45:54.329450|ERROR   |              |   | TS3ANetwork::Send failed error: 111
2018-08-21 10:45:56.021298|ERROR   |              |   | TS3ANetwork::Send failed error: 111
2018-08-21 10:45:58.005248|ERROR   |              |   | TS3ANetwork::Send failed error: 111
2018-08-21 10:55:54.343806|ERROR   |              |   | TS3ANetwork::Send failed error: 111
2018-08-21 10:55:56.001248|ERROR   |              |   | TS3ANetwork::Send failed error: 111
2018-08-21 10:55:58.032967|ERROR   |              |   | TS3ANetwork::Send failed error: 111
2018-08-21 11:05:54.332571|ERROR   |              |   | TS3ANetwork::Send failed error: 111
2018-08-21 11:05:56.005247|ERROR   |              |   | TS3ANetwork::Send failed error: 111
2018-08-21 11:05:58.005247|ERROR   |              |   | TS3ANetwork::Send failed error: 111
2018-08-21 11:15:54.451103|ERROR   |              |   | TS3ANetwork::Send failed error: 111
2018-08-21 11:15:56.001247|ERROR   |              |   | TS3ANetwork::Send failed error: 111
2018-08-21 11:15:58.005245|ERROR   |              |   | TS3ANetwork::Send failed error: 111
2018-08-21 11:25:54.540963|ERROR   |              |   | TS3ANetwork::Send failed error: 111
2018-08-21 11:25:56.026152|ERROR   |              |   | TS3ANetwork::Send failed error: 111
2018-08-21 11:25:58.005246|ERROR   |              |   | TS3ANetwork::Send failed error: 111
2018-08-21 11:35:54.548040|ERROR   |              |   | TS3ANetwork::Send failed error: 111
2018-08-21 11:35:56.005246|ERROR   |              |   | TS3ANetwork::Send failed error: 111
2018-08-21 11:35:58.020537|ERROR   |              |   | TS3ANetwork::Send failed error: 111
2018-08-21 11:45:54.635751|ERROR   |              |   | TS3ANetwork::Send failed error: 111
2018-08-21 11:45:56.001247|ERROR   |              |   | TS3ANetwork::Send failed error: 111
2018-08-21 11:45:58.001246|ERROR   |              |   | TS3ANetwork::Send failed error: 111
2018-08-21 11:55:54.646355|ERROR   |              |   | TS3ANetwork::Send failed error: 111
2018-08-21 11:55:56.005246|ERROR   |              |   | TS3ANetwork::Send failed error: 111
2018-08-21 11:55:58.005246|ERROR   |              |   | TS3ANetwork::Send failed error: 111
2018-08-21 12:05:54.747564|ERROR   |              |   | TS3ANetwork::Send failed error: 111
2018-08-21 12:05:56.019131|ERROR   |              |   | TS3ANetwork::Send failed error: 111
2018-08-21 12:05:58.005247|ERROR   |              |   | TS3ANetwork::Send failed error: 111
2018-08-21 12:15:54.842652|ERROR   |              |   | TS3ANetwork::Send failed error: 111
2018-08-21 12:15:56.001246|ERROR   |              |   | TS3ANetwork::Send failed error: 111
2018-08-21 12:15:58.015708|ERROR   |              |   | TS3ANetwork::Send failed error: 111
2018-08-21 12:25:54.847548|ERROR   |              |   | TS3ANetwork::Send failed error: 111
2018-08-21 12:25:56.005247|ERROR   |              |   | TS3ANetwork::Send failed error: 111
2018-08-21 12:25:58.005248|ERROR   |              |   | TS3ANetwork::Send failed error: 111
2018-08-21 12:35:54.969089|ERROR   |              |   | TS3ANetwork::Send failed error: 111
2018-08-21 12:35:56.001246|ERROR   |              |   | TS3ANetwork::Send failed error: 111
2018-08-21 12:35:58.001247|ERROR   |              |   | TS3ANetwork::Send failed error: 111
2018-08-21 12:45:54.946534|ERROR   |              |   | TS3ANetwork::Send failed error: 111
2018-08-21 12:45:56.020388|ERROR   |              |   | TS3ANetwork::Send failed error: 111
2018-08-21 12:45:58.005246|ERROR   |              |   | TS3ANetwork::Send failed error: 111
2018-08-21 12:55:55.031358|ERROR   |              |   | TS3ANetwork::Send failed error: 111
2018-08-21 12:55:57.026643|ERROR   |              |   | TS3ANetwork::Send failed error: 111
2018-08-21 12:55:59.005246|ERROR   |              |   | TS3ANetwork::Send failed error: 111
2018-08-21 13:05:55.048987|ERROR   |              |   | TS3ANetwork::Send failed error: 111
2018-08-21 13:05:57.005247|ERROR   |              |   | TS3ANetwork::Send failed error: 111
2018-08-21 13:05:59.019744|ERROR   |              |   | TS3ANetwork::Send failed error: 111
2018-08-21 13:15:55.042992|ERROR   |              |   | TS3ANetwork::Send failed error: 111
2018-08-21 13:15:57.005247|ERROR   |              |   | TS3ANetwork::Send failed error: 111
2018-08-21 13:15:59.005246|ERROR   |              |   | TS3ANetwork::Send failed error: 111
2018-08-21 13:25:55.052637|ERROR   |              |   | TS3ANetwork::Send failed error: 111
2018-08-21 13:25:57.001248|ERROR   |              |   | TS3ANetwork::Send failed error: 111
2018-08-21 13:25:59.001249|ERROR   |              |   | TS3ANetwork::Send failed error: 111
2018-08-21 13:35:55.133684|ERROR   |              |   | TS3ANetwork::Send failed error: 111
2018-08-21 13:35:57.019232|ERROR   |              |   | TS3ANetwork::Send failed error: 111
2018-08-21 13:35:59.005245|ERROR   |              |   | TS3ANetwork::Send failed error: 111
2018-08-21 13:45:55.139247|ERROR   |              |   | TS3ANetwork::Send failed error: 111
2018-08-21 13:45:57.005246|ERROR   |              |   | TS3ANetwork::Send failed error: 111
2018-08-21 13:45:59.020826|ERROR   |              |   | TS3ANetwork::Send failed error: 111
2018-08-21 13:55:55.136842|ERROR   |              |   | TS3ANetwork::Send failed error: 111
2018-08-21 13:55:57.001245|ERROR   |              |   | TS3ANetwork::Send failed error: 111
2018-08-21 13:55:59.001247|ERROR   |              |   | TS3ANetwork::Send failed error: 111
2018-08-21 14:05:55.164562|ERROR   |              |   | TS3ANetwork::Send failed error: 111
2018-08-21 14:05:57.005246|ERROR   |              |   | TS3ANetwork::Send failed error: 111
2018-08-21 14:05:59.005245|ERROR   |              |   | TS3ANetwork::Send failed error: 111
2018-08-21 14:15:55.144374|ERROR   |              |   | TS3ANetwork::Send failed error: 111
2018-08-21 14:15:57.020726|ERROR   |              |   | TS3ANetwork::Send failed error: 111
2018-08-21 14:15:59.005246|ERROR   |              |   | TS3ANetwork::Send failed error: 111
2018-08-21 14:25:55.233279|ERROR   |              |   | TS3ANetwork::Send failed error: 111
2018-08-21 14:25:57.001247|ERROR   |              |   | TS3ANetwork::Send failed error: 111
2018-08-21 14:25:59.020595|ERROR   |              |   | TS3ANetwork::Send failed error: 111
2018-08-21 14:35:55.241324|ERROR   |              |   | TS3ANetwork::Send failed error: 111
2018-08-21 14:35:57.005246|ERROR   |              |   | TS3ANetwork::Send failed error: 111
2018-08-21 14:35:59.005245|ERROR   |              |   | TS3ANetwork::Send failed error: 111
2018-08-21 14:45:55.240653|ERROR   |              |   | TS3ANetwork::Send failed error: 111
2018-08-21 14:45:57.005246|ERROR   |              |   | TS3ANetwork::Send failed error: 111
2018-08-21 14:45:59.005245|ERROR   |              |   | TS3ANetwork::Send failed error: 111
2018-08-21 14:55:55.236168|ERROR   |              |   | TS3ANetwork::Send failed error: 111
2018-08-21 14:55:57.020571|ERROR   |              |   | TS3ANetwork::Send failed error: 111
2018-08-21 14:55:59.005246|ERROR   |              |   | TS3ANetwork::Send failed error: 111
2018-08-21 15:05:55.237539|ERROR   |              |   | TS3ANetwork::Send failed error: 111
2018-08-21 15:05:57.005246|ERROR   |              |   | TS3ANetwork::Send failed error: 111
2018-08-21 15:05:59.018935|ERROR   |              |   | TS3ANetwork::Send failed error: 111
2018-08-21 15:15:55.343339|ERROR   |              |   | TS3ANetwork::Send failed error: 111
2018-08-21 15:15:57.001247|ERROR   |              |   | TS3ANetwork::Send failed error: 111
2018-08-21 15:15:59.001247|ERROR   |              |   | TS3ANetwork::Send failed error: 111
2018-08-21 15:25:55.364802|ERROR   |              |   | TS3ANetwork::Send failed error: 111
2018-08-21 15:25:57.005246|ERROR   |              |   | TS3ANetwork::Send failed error: 111
2018-08-21 15:25:59.005245|ERROR   |              |   | TS3ANetwork::Send failed error: 111
2018-08-21 15:35:55.451162|ERROR   |              |   | TS3ANetwork::Send failed error: 111
2018-08-21 15:35:57.019444|ERROR   |              |   | TS3ANetwork::Send failed error: 111
2018-08-21 15:35:59.005246|ERROR   |              |   | TS3ANetwork::Send failed error: 111
2018-08-21 15:45:55.439187|ERROR   |              |   | TS3ANetwork::Send failed error: 111
2018-08-21 15:45:57.001247|ERROR   |              |   | TS3ANetwork::Send failed error: 111
2018-08-21 15:45:59.029779|ERROR   |              |   | TS3ANetwork::Send failed error: 111
2018-08-21 15:55:55.437301|ERROR   |              |   | TS3ANetwork::Send failed error: 111
2018-08-21 15:55:57.005248|ERROR   |              |   | TS3ANetwork::Send failed error: 111
2018-08-21 15:55:59.005245|ERROR   |              |   | TS3ANetwork::Send failed error: 111
2018-08-21 16:05:55.546647|ERROR   |              |   | TS3ANetwork::Send failed error: 111
2018-08-21 16:05:57.005246|ERROR   |              |   | TS3ANetwork::Send failed error: 111
2018-08-21 16:05:59.005246|ERROR   |              |   | TS3ANetwork::Send failed error: 111
2018-08-21 16:15:55.644771|ERROR   |              |   | TS3ANetwork::Send failed error: 111
2018-08-21 16:15:57.015449|ERROR   |              |   | TS3ANetwork::Send failed error: 111
2018-08-21 16:15:59.001247|ERROR   |              |   | TS3ANetwork::Send failed error: 111
2018-08-21 16:25:55.722178|ERROR   |              |   | TS3ANetwork::Send failed error: 111
2018-08-21 16:25:57.005246|ERROR   |              |   | TS3ANetwork::Send failed error: 111
2018-08-21 16:25:59.021612|ERROR   |              |   | TS3ANetwork::Send failed error: 111
2018-08-21 16:35:55.735753|ERROR   |              |   | TS3ANetwork::Send failed error: 111
2018-08-21 16:35:57.001248|ERROR   |              |   | TS3ANetwork::Send failed error: 111
2018-08-21 16:35:59.001249|ERROR   |              |   | TS3ANetwork::Send failed error: 111
2018-08-21 16:45:55.748014|ERROR   |              |   | TS3ANetwork::Send failed error: 111
2018-08-21 16:45:57.005248|ERROR   |              |   | TS3ANetwork::Send failed error: 111
2018-08-21 16:45:59.005247|ERROR   |              |   | TS3ANetwork::Send failed error: 111
2018-08-21 16:55:55.734889|ERROR   |              |   | TS3ANetwork::Send failed error: 111
2018-08-21 16:55:57.020440|ERROR   |              |   | TS3ANetwork::Send failed error: 111
2018-08-21 16:55:59.005247|ERROR   |              |   | TS3ANetwork::Send failed error: 111
2018-08-21 17:05:55.841012|ERROR   |              |   | TS3ANetwork::Send failed error: 111
2018-08-21 17:05:57.001246|ERROR   |              |   | TS3ANetwork::Send failed error: 111
2018-08-21 17:05:59.015779|ERROR   |              |   | TS3ANetwork::Send failed error: 111
2018-08-21 17:15:55.937125|ERROR   |              |   | TS3ANetwork::Send failed error: 111
2018-08-21 17:15:57.005247|ERROR   |              |   | TS3ANetwork::Send failed error: 111
2018-08-21 17:15:59.005246|ERROR   |              |   | TS3ANetwork::Send failed error: 111
2018-08-21 17:25:56.046014|ERROR   |              |   | TS3ANetwork::Send failed error: 111
2018-08-21 17:25:58.005246|ERROR   |              |   | TS3ANetwork::Send failed error: 111
2018-08-21 17:26:00.005248|ERROR   |              |   | TS3ANetwork::Send failed error: 111
2018-08-21 17:35:56.032417|ERROR   |              |   | TS3ANetwork::Send failed error: 111
2018-08-21 17:35:58.016713|ERROR   |              |   | TS3ANetwork::Send failed error: 111
2018-08-21 17:36:00.001246|ERROR   |              |   | TS3ANetwork::Send failed error: 111
2018-08-21 17:45:56.041330|ERROR   |              |   | TS3ANetwork::Send failed error: 111
2018-08-21 17:45:58.005246|ERROR   |              |   | TS3ANetwork::Send failed error: 111
2018-08-21 17:46:00.020135|ERROR   |              |   | TS3ANetwork::Send failed error: 111
2018-08-21 17:55:56.144348|ERROR   |              |   | TS3ANetwork::Send failed error: 111
2018-08-21 17:55:58.001247|ERROR   |              |   | TS3ANetwork::Send failed error: 111
2018-08-21 17:56:00.001247|ERROR   |              |   | TS3ANetwork::Send failed error: 111
2018-08-21 18:05:56.368931|ERROR   |              |   | TS3ANetwork::Send failed error: 111
2018-08-21 18:05:58.005247|ERROR   |              |   | TS3ANetwork::Send failed error: 111
2018-08-21 18:06:00.005246|ERROR   |              |   | TS3ANetwork::Send failed error: 111
2018-08-21 18:15:56.135046|ERROR   |              |   | TS3ANetwork::Send failed error: 111
2018-08-21 18:15:58.020110|ERROR   |              |   | TS3ANetwork::Send failed error: 111
2018-08-21 18:16:00.005246|ERROR   |              |   | TS3ANetwork::Send failed error: 111
2018-08-21 18:25:56.143344|ERROR   |              |   | TS3ANetwork::Send failed error: 111
2018-08-21 18:25:58.001247|ERROR   |              |   | TS3ANetwork::Send failed error: 111
2018-08-21 18:26:00.016076|ERROR   |              |   | TS3ANetwork::Send failed error: 111
2018-08-21 18:35:56.237404|ERROR   |              |   | TS3ANetwork::Send failed error: 111
2018-08-21 18:35:58.005246|ERROR   |              |   | TS3ANetwork::Send failed error: 111
2018-08-21 18:36:00.005245|ERROR   |              |   | TS3ANetwork::Send failed error: 111
2018-08-21 18:45:56.255658|ERROR   |              |   | TS3ANetwork::Send failed error: 111
2018-08-21 18:45:58.005246|ERROR   |              |   | TS3ANetwork::Send failed error: 111
2018-08-21 18:46:00.005247|ERROR   |              |   | TS3ANetwork::Send failed error: 111
2018-08-21 18:55:56.240066|ERROR   |              |   | TS3ANetwork::Send failed error: 111
2018-08-21 18:55:58.025313|ERROR   |              |   | TS3ANetwork::Send failed error: 111
2018-08-21 18:56:00.005247|ERROR   |              |   | TS3ANetwork::Send failed error: 111
2018-08-21 19:05:56.350815|ERROR   |              |   | TS3ANetwork::Send failed error: 111
2018-08-21 19:05:58.005248|ERROR   |              |   | TS3ANetwork::Send failed error: 111
2018-08-21 19:06:00.021448|ERROR   |              |   | TS3ANetwork::Send failed error: 111
2018-08-21 19:15:56.335631|ERROR   |              |   | TS3ANetwork::Send failed error: 111
2018-08-21 19:15:58.005247|ERROR   |              |   | TS3ANetwork::Send failed error: 111
2018-08-21 19:16:00.005246|ERROR   |              |   | TS3ANetwork::Send failed error: 111
2018-08-21 19:25:56.367323|ERROR   |              |   | TS3ANetwork::Send failed error: 111
2018-08-21 19:25:58.001247|ERROR   |              |   | TS3ANetwork::Send failed error: 111
2018-08-21 19:26:00.001247|ERROR   |              |   | TS3ANetwork::Send failed error: 111
2018-08-21 19:35:56.356613|ERROR   |              |   | TS3ANetwork::Send failed error: 111
2018-08-21 19:35:58.021382|ERROR   |              |   | TS3ANetwork::Send failed error: 111
2018-08-21 19:36:00.005247|ERROR   |              |   | TS3ANetwork::Send failed error: 111
2018-08-21 19:45:56.441934|ERROR   |              |   | TS3ANetwork::Send failed error: 111
2018-08-21 19:45:58.001247|ERROR   |              |   | TS3ANetwork::Send failed error: 111
2018-08-21 19:46:00.016527|ERROR   |              |   | TS3ANetwork::Send failed error: 111
2018-08-21 19:55:56.440478|ERROR   |              |   | TS3ANetwork::Send failed error: 111
2018-08-21 19:55:58.005248|ERROR   |              |   | TS3ANetwork::Send failed error: 111
2018-08-21 19:56:00.005245|ERROR   |              |   | TS3ANetwork::Send failed error: 111
2018-08-21 20:05:56.447119|ERROR   |              |   | TS3ANetwork::Send failed error: 111
2018-08-21 20:05:58.005247|ERROR   |              |   | TS3ANetwork::Send failed error: 111
2018-08-21 20:06:00.005247|ERROR   |              |   | TS3ANetwork::Send failed error: 111
2018-08-21 20:15:56.520752|ERROR   |              |   | TS3ANetwork::Send failed error: 111
2018-08-21 20:15:58.025843|ERROR   |              |   | TS3ANetwork::Send failed error: 111
2018-08-21 20:16:00.005246|ERROR   |              |   | TS3ANetwork::Send failed error: 111
2018-08-21 20:25:56.545066|ERROR   |              |   | TS3ANetwork::Send failed error: 111
2018-08-21 20:25:58.001247|ERROR   |              |   | TS3ANetwork::Send failed error: 111
2018-08-21 20:26:00.020252|ERROR   |              |   | TS3ANetwork::Send failed error: 111
2018-08-21 20:35:56.637293|ERROR   |              |   | TS3ANetwork::Send failed error: 111
2018-08-21 20:35:58.005246|ERROR   |              |   | TS3ANetwork::Send failed error: 111
2018-08-21 20:36:00.005247|ERROR   |              |   | TS3ANetwork::Send failed error: 111
2018-08-21 20:45:56.754454|ERROR   |              |   | TS3ANetwork::Send failed error: 111
2018-08-21 20:45:58.005246|ERROR   |              |   | TS3ANetwork::Send failed error: 111
2018-08-21 20:46:00.005245|ERROR   |              |   | TS3ANetwork::Send failed error: 111
2018-08-21 20:55:56.741035|ERROR   |              |   | TS3ANetwork::Send failed error: 111
2018-08-21 20:55:58.016314|ERROR   |              |   | TS3ANetwork::Send failed error: 111
2018-08-21 20:56:00.001247|ERROR   |              |   | TS3ANetwork::Send failed error: 111
2018-08-21 21:05:56.836260|ERROR   |              |   | TS3ANetwork::Send failed error: 111
2018-08-21 21:05:58.005247|ERROR   |              |   | TS3ANetwork::Send failed error: 111
2018-08-21 21:06:00.019674|ERROR   |              |   | TS3ANetwork::Send failed error: 111
2018-08-21 21:15:56.827372|ERROR   |              |   | TS3ANetwork::Send failed error: 111
2018-08-21 21:15:58.005246|ERROR   |              |   | TS3ANetwork::Send failed error: 111
2018-08-21 21:16:00.005245|ERROR   |              |   | TS3ANetwork::Send failed error: 111
2018-08-21 21:25:56.863610|ERROR   |              |   | TS3ANetwork::Send failed error: 111
2018-08-21 21:25:58.005247|ERROR   |              |   | TS3ANetwork::Send failed error: 111
2018-08-21 21:26:00.005247|ERROR   |              |   | TS3ANetwork::Send failed error: 111
2018-08-21 21:35:56.940754|ERROR   |              |   | TS3ANetwork::Send failed error: 111
2018-08-21 21:35:58.020604|ERROR   |              |   | TS3ANetwork::Send failed error: 111
2018-08-21 21:36:00.001246|ERROR   |              |   | TS3ANetwork::Send failed error: 111
2018-08-21 21:45:56.925620|ERROR   |              |   | TS3ANetwork::Send failed error: 111
2018-08-21 21:45:58.005246|ERROR   |              |   | TS3ANetwork::Send failed error: 111
2018-08-21 21:46:00.023263|ERROR   |              |   | TS3ANetwork::Send failed error: 111
2018-08-21 21:55:56.925915|ERROR   |              |   | TS3ANetwork::Send failed error: 111
2018-08-21 21:55:58.005245|ERROR   |              |   | TS3ANetwork::Send failed error: 111
2018-08-21 21:56:00.005247|ERROR   |              |   | TS3ANetwork::Send failed error: 111
2018-08-21 22:05:57.054988|ERROR   |              |   | TS3ANetwork::Send failed error: 111
2018-08-21 22:05:59.005246|ERROR   |              |   | TS3ANetwork::Send failed error: 111
2018-08-21 22:06:01.005246|ERROR   |              |   | TS3ANetwork::Send failed error: 111
2018-08-21 22:15:57.031347|ERROR   |              |   | TS3ANetwork::Send failed error: 111
2018-08-21 22:15:59.019562|ERROR   |              |   | TS3ANetwork::Send failed error: 111
2018-08-21 22:16:01.005247|ERROR   |              |   | TS3ANetwork::Send failed error: 111
2018-08-21 22:25:57.050841|ERROR   |              |   | TS3ANetwork::Send failed error: 111
2018-08-21 22:25:59.005247|ERROR   |              |   | TS3ANetwork::Send failed error: 111
2018-08-21 22:26:01.020066|ERROR   |              |   | TS3ANetwork::Send failed error: 111
2018-08-21 22:35:57.147927|ERROR   |              |   | TS3ANetwork::Send failed error: 111
2018-08-21 22:35:59.001248|ERROR   |              |   | TS3ANetwork::Send failed error: 111
2018-08-21 22:36:01.001247|ERROR   |              |   | TS3ANetwork::Send failed error: 111
2018-08-21 22:45:57.154874|ERROR   |              |   | TS3ANetwork::Send failed error: 111
2018-08-21 22:45:59.005247|ERROR   |              |   | TS3ANetwork::Send failed error: 111
2018-08-21 22:46:01.005246|ERROR   |              |   | TS3ANetwork::Send failed error: 111
2018-08-21 22:55:57.143149|ERROR   |              |   | TS3ANetwork::Send failed error: 111
2018-08-21 22:55:59.026513|ERROR   |              |   | TS3ANetwork::Send failed error: 111
2018-08-21 22:56:01.005244|ERROR   |              |   | TS3ANetwork::Send failed error: 111
2018-08-21 23:05:57.234680|ERROR   |              |   | TS3ANetwork::Send failed error: 111
2018-08-21 23:05:59.001250|ERROR   |              |   | TS3ANetwork::Send failed error: 111
2018-08-21 23:06:01.025438|ERROR   |              |   | TS3ANetwork::Send failed error: 111
2018-08-21 23:15:57.231368|ERROR   |              |   | TS3ANetwork::Send failed error: 111
2018-08-21 23:15:59.005247|ERROR   |              |   | TS3ANetwork::Send failed error: 111
2018-08-21 23:16:01.005247|ERROR   |              |   | TS3ANetwork::Send failed error: 111
2018-08-21 23:25:57.252663|ERROR   |              |   | TS3ANetwork::Send failed error: 111
2018-08-21 23:25:59.005246|ERROR   |              |   | TS3ANetwork::Send failed error: 111
2018-08-21 23:26:01.005246|ERROR   |              |   | TS3ANetwork::Send failed error: 111
2018-08-21 23:35:57.329841|ERROR   |              |   | TS3ANetwork::Send failed error: 111
2018-08-21 23:35:59.016795|ERROR   |              |   | TS3ANetwork::Send failed error: 111
2018-08-21 23:36:01.001247|ERROR   |              |   | TS3ANetwork::Send failed error: 111
2018-08-21 23:45:57.326158|ERROR   |              |   | TS3ANetwork::Send failed error: 111
2018-08-21 23:45:59.005247|ERROR   |              |   | TS3ANetwork::Send failed error: 111
2018-08-21 23:46:01.025042|ERROR   |              |   | TS3ANetwork::Send failed error: 111
2018-08-21 23:55:57.435409|ERROR   |              |   | TS3ANetwork::Send failed error: 111
2018-08-21 23:55:59.001248|ERROR   |              |   | TS3ANetwork::Send failed error: 111
2018-08-21 23:56:01.001247|ERROR   |              |   | TS3ANetwork::Send failed error: 111
2018-08-22 00:05:57.444892|ERROR   |              |   | TS3ANetwork::Send failed error: 111
2018-08-22 00:05:59.005247|ERROR   |              |   | TS3ANetwork::Send failed error: 111
2018-08-22 00:06:01.005246|ERROR   |              |   | TS3ANetwork::Send failed error: 111
2018-08-22 00:15:57.536520|ERROR   |              |   | TS3ANetwork::Send failed error: 111
2018-08-22 00:15:59.020830|ERROR   |              |   | TS3ANetwork::Send failed error: 111
2018-08-22 00:16:01.005247|ERROR   |              |   | TS3ANetwork::Send failed error: 111
2018-08-22 00:25:57.528733|ERROR   |              |   | TS3ANetwork::Send failed error: 111
2018-08-22 00:25:59.001250|ERROR   |              |   | TS3ANetwork::Send failed error: 111
2018-08-22 00:26:01.016501|ERROR   |              |   | TS3ANetwork::Send failed error: 111
2018-08-22 00:35:57.627933|ERROR   |              |   | TS3ANetwork::Send failed error: 111
2018-08-22 00:35:59.005245|ERROR   |              |   | TS3ANetwork::Send failed error: 111
2018-08-22 00:36:01.005248|ERROR   |              |   | TS3ANetwork::Send failed error: 111
2018-08-22 00:45:57.658894|ERROR   |              |   | TS3ANetwork::Send failed error: 111
2018-08-22 00:45:59.005247|ERROR   |              |   | TS3ANetwork::Send failed error: 111
2018-08-22 00:46:01.005247|ERROR   |              |   | TS3ANetwork::Send failed error: 111
2018-08-22 00:55:57.739856|ERROR   |              |   | TS3ANetwork::Send failed error: 111
2018-08-22 00:55:59.040387|ERROR   |              |   | TS3ANetwork::Send failed error: 111
2018-08-22 00:56:01.005247|ERROR   |              |   | TS3ANetwork::Send failed error: 111
2018-08-22 01:05:57.851627|ERROR   |              |   | TS3ANetwork::Send failed error: 111
2018-08-22 01:05:59.005246|ERROR   |              |   | TS3ANetwork::Send failed error: 111
2018-08-22 01:06:01.020780|ERROR   |              |   | TS3ANetwork::Send failed error: 111
2018-08-22 01:15:57.947314|ERROR   |              |   | TS3ANetwork::Send failed error: 111
2018-08-22 01:15:59.005245|ERROR   |              |   | TS3ANetwork::Send failed error: 111
2018-08-22 01:16:01.005246|ERROR   |              |   | TS3ANetwork::Send failed error: 111
2018-08-22 01:25:57.959485|ERROR   |              |   | TS3ANetwork::Send failed error: 111
2018-08-22 01:25:59.001248|ERROR   |              |   | TS3ANetwork::Send failed error: 111
2018-08-22 01:26:01.001246|ERROR   |              |   | TS3ANetwork::Send failed error: 111
2018-08-22 01:35:58.164891|ERROR   |              |   | TS3ANetwork::Send failed error: 111
2018-08-22 01:36:00.005246|ERROR   |              |   | TS3ANetwork::Send failed error: 111
2018-08-22 01:36:02.005246|ERROR   |              |   | TS3ANetwork::Send failed error: 111
2018-08-22 01:45:58.150035|ERROR   |              |   | TS3ANetwork::Send failed error: 111
2018-08-22 01:46:00.020802|ERROR   |              |   | TS3ANetwork::Send failed error: 111
2018-08-22 01:46:02.005246|ERROR   |              |   | TS3ANetwork::Send failed error: 111
2018-08-22 01:55:58.153728|ERROR   |              |   | TS3ANetwork::Send failed error: 111
2018-08-22 01:56:00.005248|ERROR   |              |   | TS3ANetwork::Send failed error: 111
2018-08-22 01:56:02.018894|ERROR   |              |   | TS3ANetwork::Send failed error: 111
2018-08-22 02:05:58.227571|ERROR   |              |   | TS3ANetwork::Send failed error: 111
2018-08-22 02:06:00.005246|ERROR   |              |   | TS3ANetwork::Send failed error: 111
2018-08-22 02:06:02.005245|ERROR   |              |   | TS3ANetwork::Send failed error: 111
2018-08-22 02:15:58.256157|ERROR   |              |   | TS3ANetwork::Send failed error: 111
2018-08-22 02:16:00.005247|ERROR   |              |   | TS3ANetwork::Send failed error: 111
2018-08-22 02:16:02.005247|ERROR   |              |   | TS3ANetwork::Send failed error: 111
2018-08-22 02:25:58.344823|ERROR   |              |   | TS3ANetwork::Send failed error: 111
2018-08-22 02:26:00.026839|ERROR   |              |   | TS3ANetwork::Send failed error: 111
2018-08-22 02:26:02.005245|ERROR   |              |   | TS3ANetwork::Send failed error: 111
2018-08-22 02:35:58.435883|ERROR   |              |   | TS3ANetwork::Send failed error: 111
2018-08-22 02:36:00.005246|ERROR   |              |   | TS3ANetwork::Send failed error: 111
2018-08-22 02:36:02.029126|ERROR   |              |   | TS3ANetwork::Send failed error: 111
2018-08-22 02:45:58.445917|ERROR   |              |   | TS3ANetwork::Send failed error: 111
2018-08-22 02:46:00.001246|ERROR   |              |   | TS3ANetwork::Send failed error: 111
2018-08-22 02:46:02.005246|ERROR   |              |   | TS3ANetwork::Send failed error: 111
2018-08-22 02:55:58.462517|ERROR   |              |   | TS3ANetwork::Send failed error: 111
2018-08-22 02:56:00.001246|ERROR   |              |   | TS3ANetwork::Send failed error: 111
2018-08-22 02:56:02.001245|ERROR   |              |   | TS3ANetwork::Send failed error: 111
2018-08-22 03:05:58.446616|ERROR   |              |   | TS3ANetwork::Send failed error: 111
2018-08-22 03:06:00.021294|ERROR   |              |   | TS3ANetwork::Send failed error: 111
2018-08-22 03:06:02.005248|ERROR   |              |   | TS3ANetwork::Send failed error: 111
2018-08-22 03:15:58.438185|ERROR   |              |   | TS3ANetwork::Send failed error: 111
2018-08-22 03:16:00.005245|ERROR   |              |   | TS3ANetwork::Send failed error: 111
2018-08-22 03:16:02.020669|ERROR   |              |   | TS3ANetwork::Send failed error: 111
2018-08-22 03:25:58.441940|ERROR   |              |   | TS3ANetwork::Send failed error: 111
2018-08-22 03:26:00.005246|ERROR   |              |   | TS3ANetwork::Send failed error: 111
2018-08-22 03:26:02.005246|ERROR   |              |   | TS3ANetwork::Send failed error: 111
2018-08-22 03:35:58.553210|ERROR   |              |   | TS3ANetwork::Send failed error: 111
2018-08-22 03:36:00.001248|ERROR   |              |   | TS3ANetwork::Send failed error: 111
2018-08-22 03:36:02.001246|ERROR   |              |   | TS3ANetwork::Send failed error: 111
2018-08-22 03:45:58.633968|ERROR   |              |   | TS3ANetwork::Send failed error: 111
2018-08-22 03:46:00.026716|ERROR   |              |   | TS3ANetwork::Send failed error: 111
2018-08-22 03:46:02.005247|ERROR   |              |   | TS3ANetwork::Send failed error: 111
2018-08-22 03:55:58.747048|ERROR   |              |   | TS3ANetwork::Send failed error: 111
2018-08-22 03:56:00.001246|ERROR   |              |   | TS3ANetwork::Send failed error: 111
2018-08-22 03:56:02.023627|ERROR   |              |   | TS3ANetwork::Send failed error: 111
2018-08-22 04:05:58.731383|ERROR   |              |   | TS3ANetwork::Send failed error: 111
2018-08-22 04:06:00.005247|ERROR   |              |   | TS3ANetwork::Send failed error: 111
2018-08-22 04:06:02.005246|ERROR   |              |   | TS3ANetwork::Send failed error: 111
2018-08-22 04:15:58.853931|ERROR   |              |   | TS3ANetwork::Send failed error: 111
2018-08-22 04:16:00.005247|ERROR   |              |   | TS3ANetwork::Send failed error: 111
2018-08-22 04:16:02.005245|ERROR   |              |   | TS3ANetwork::Send failed error: 111
2018-08-22 04:25:58.849025|ERROR   |              |   | TS3ANetwork::Send failed error: 111
2018-08-22 04:26:00.034061|ERROR   |              |   | TS3ANetwork::Send failed error: 111
2018-08-22 04:26:02.005247|ERROR   |              |   | TS3ANetwork::Send failed error: 111
2018-08-22 04:35:58.849574|ERROR   |              |   | TS3ANetwork::Send failed error: 111
2018-08-22 04:36:00.005247|ERROR   |              |   | TS3ANetwork::Send failed error: 111
2018-08-22 04:36:02.024699|ERROR   |              |   | TS3ANetwork::Send failed error: 111
2018-08-22 04:45:58.840880|ERROR   |              |   | TS3ANetwork::Send failed error: 111
2018-08-22 04:46:00.001246|ERROR   |              |   | TS3ANetwork::Send failed error: 111
2018-08-22 04:46:02.001246|ERROR   |              |   | TS3ANetwork::Send failed error: 111
2018-08-22 04:55:58.958955|ERROR   |              |   | TS3ANetwork::Send failed error: 111
2018-08-22 04:56:00.005248|ERROR   |              |   | TS3ANetwork::Send failed error: 111
2018-08-22 04:56:02.005248|ERROR   |              |   | TS3ANetwork::Send failed error: 111
2018-08-22 05:05:58.937249|ERROR   |              |   | TS3ANetwork::Send failed error: 111
2018-08-22 05:06:00.021830|ERROR   |              |   | TS3ANetwork::Send failed error: 111
2018-08-22 05:06:02.005247|ERROR   |              |   | TS3ANetwork::Send failed error: 111
2018-08-22 05:15:58.934171|ERROR   |              |   | TS3ANetwork::Send failed error: 111
2018-08-22 05:16:00.001246|ERROR   |              |   | TS3ANetwork::Send failed error: 111
2018-08-22 05:16:02.016605|ERROR   |              |   | TS3ANetwork::Send failed error: 111
2018-08-22 05:25:58.930576|ERROR   |              |   | TS3ANetwork::Send failed error: 111
2018-08-22 05:26:00.005249|ERROR   |              |   | TS3ANetwork::Send failed error: 111
2018-08-22 05:26:02.005247|ERROR   |              |   | TS3ANetwork::Send failed error: 111
2018-08-22 05:35:58.957647|ERROR   |              |   | TS3ANetwork::Send failed error: 111
2018-08-22 05:36:00.005246|ERROR   |              |   | TS3ANetwork::Send failed error: 111
2018-08-22 05:36:02.005246|ERROR   |              |   | TS3ANetwork::Send failed error: 111
2018-08-22 05:45:59.063512|ERROR   |              |   | TS3ANetwork::Send failed error: 111
2018-08-22 05:46:01.005246|ERROR   |              |   | TS3ANetwork::Send failed error: 111
2018-08-22 05:46:03.005246|ERROR   |              |   | TS3ANetwork::Send failed error: 111
2018-08-22 05:55:59.034138|ERROR   |              |   | TS3ANetwork::Send failed error: 111
2018-08-22 05:56:01.020756|ERROR   |              |   | TS3ANetwork::Send failed error: 111
2018-08-22 05:56:03.005246|ERROR   |              |   | TS3ANetwork::Send failed error: 111
2018-08-22 06:05:59.031975|ERROR   |              |   | TS3ANetwork::Send failed error: 111
2018-08-22 06:06:01.005247|ERROR   |              |   | TS3ANetwork::Send failed error: 111
2018-08-22 06:06:03.019591|ERROR   |              |   | TS3ANetwork::Send failed error: 111
2018-08-22 06:15:59.129286|ERROR   |              |   | TS3ANetwork::Send failed error: 111
2018-08-22 06:16:01.005247|ERROR   |              |   | TS3ANetwork::Send failed error: 111
2018-08-22 06:16:03.005247|ERROR   |              |   | TS3ANetwork::Send failed error: 111
2018-08-22 06:25:59.177953|ERROR   |              |   | TS3ANetwork::Send failed error: 111
2018-08-22 06:26:01.005248|ERROR   |              |   | TS3ANetwork::Send failed error: 111
2018-08-22 06:26:03.005247|ERROR   |              |   | TS3ANetwork::Send failed error: 111
2018-08-22 06:35:59.324909|ERROR   |              |   | TS3ANetwork::Send failed error: 111
2018-08-22 06:36:01.025922|ERROR   |              |   | TS3ANetwork::Send failed error: 111
2018-08-22 06:36:03.005246|ERROR   |              |   | TS3ANetwork::Send failed error: 111
2018-08-22 06:45:59.340352|ERROR   |              |   | TS3ANetwork::Send failed error: 111
2018-08-22 06:46:01.005247|ERROR   |              |   | TS3ANetwork::Send failed error: 111
2018-08-22 06:46:03.035652|ERROR   |              |   | TS3ANetwork::Send failed error: 111
2018-08-22 06:55:59.448843|ERROR   |              |   | TS3ANetwork::Send failed error: 111
2018-08-22 06:56:01.001247|ERROR   |              |   | TS3ANetwork::Send failed error: 111
2018-08-22 06:56:03.001246|ERROR   |              |   | TS3ANetwork::Send failed error: 111
2018-08-22 07:05:59.460209|ERROR   |              |   | TS3ANetwork::Send failed error: 111
2018-08-22 07:06:01.005246|ERROR   |              |   | TS3ANetwork::Send failed error: 111
2018-08-22 07:06:03.005247|ERROR   |              |   | TS3ANetwork::Send failed error: 111
2018-08-22 07:15:59.434776|ERROR   |              |   | TS3ANetwork::Send failed error: 111
2018-08-22 07:16:01.018343|ERROR   |              |   | TS3ANetwork::Send failed error: 111
2018-08-22 07:16:03.001248|ERROR   |              |   | TS3ANetwork::Send failed error: 111
2018-08-22 07:25:59.536413|ERROR   |              |   | TS3ANetwork::Send failed error: 111
2018-08-22 07:26:01.001246|ERROR   |              |   | TS3ANetwork::Send failed error: 111
2018-08-22 07:26:03.022251|ERROR   |              |   | TS3ANetwork::Send failed error: 111
2018-08-22 07:35:59.646192|ERROR   |              |   | TS3ANetwork::Send failed error: 111
2018-08-22 07:36:01.005246|ERROR   |              |   | TS3ANetwork::Send failed error: 111
2018-08-22 07:36:03.005246|ERROR   |              |   | TS3ANetwork::Send failed error: 111
2018-08-22 07:45:59.659471|ERROR   |              |   | TS3ANetwork::Send failed error: 111
2018-09-01 00:02:24.787929|INFO    |VirtualSvrMgr |   | executing monthly interval
2018-09-01 00:02:24.791998|INFO    |VirtualSvrMgr |   | reset virtualserver traffic statistics
2018-09-16 17:46:40.448408|INFO    |ServerMain    |   | Received signal SIGTERM, shutting down.
