2017-06-07 05:48:12.731042|INFO    |ServerLibPriv |   | TeamSpeak 3 Server 3.0.11.3 (2015-04-13 13:26:31)
2017-06-07 05:48:12.733544|INFO    |ServerLibPriv |   | SystemInformation: Linux 4.4.0-78-generic #99-Ubuntu SMP Thu Apr 27 15:29:09 UTC 2017 x86_64 Binary: 64bit
2017-06-07 05:48:12.743324|INFO    |DatabaseQuery |   | dbPlugin name:    SQLite3 plugin, Version 2, (c)TeamSpeak Systems GmbH
2017-06-07 05:48:12.744660|INFO    |DatabaseQuery |   | dbPlugin version: 3.6.21
2017-06-07 05:48:12.746732|INFO    |DatabaseQuery |   | checking database integrity (may take a while)
2017-06-07 05:48:12.767814|WARNING |Accounting    |   | Unable to find valid license key, falling back to limited functionality
2017-06-07 05:48:13.301299|INFO    |              |   | Puzzle precompute time: 522
2017-06-07 05:48:13.301714|INFO    |FileManager   |   | listening on 0.0.0.0:30033
2017-06-07 05:48:13.301799|ERROR   |              |   | TS3ANetwork::ResolveHostName failed error: -2 (Name or service not known) 2
2017-06-07 05:48:13.301822|ERROR   |              |   | Could not open default UDP connection for weblist
2017-06-07 05:48:13.322554|INFO    |CIDRManager   |   | updated query_ip_whitelist ips: 127.0.0.1, 
2017-06-07 05:48:13.322971|INFO    |Query         |   | listening on 0.0.0.0:10011
2017-06-07 05:53:33.458438|ERROR   |              |   | TS3ANetwork::ResolveHostName failed error: -3 (Temporary failure in name resolution) 11
2017-06-07 06:03:33.509635|ERROR   |              |   | TS3ANetwork::ResolveHostName failed error: -3 (Temporary failure in name resolution) 11
2017-06-07 06:13:33.427855|ERROR   |              |   | TS3ANetwork::ResolveHostName failed error: -3 (Temporary failure in name resolution) 11
2017-06-07 06:23:33.456914|ERROR   |              |   | TS3ANetwork::ResolveHostName failed error: -3 (Temporary failure in name resolution) 11
2017-06-07 06:33:33.490641|ERROR   |              |   | TS3ANetwork::ResolveHostName failed error: -3 (Temporary failure in name resolution) 11
2017-06-07 06:43:33.540052|ERROR   |              |   | TS3ANetwork::ResolveHostName failed error: -3 (Temporary failure in name resolution) 11
2017-06-07 06:53:33.455174|ERROR   |              |   | TS3ANetwork::ResolveHostName failed error: -3 (Temporary failure in name resolution) 11
2017-06-07 07:03:33.498455|ERROR   |              |   | TS3ANetwork::ResolveHostName failed error: -3 (Temporary failure in name resolution) 11
2017-06-07 07:13:33.535506|ERROR   |              |   | TS3ANetwork::ResolveHostName failed error: -3 (Temporary failure in name resolution) 11
2017-06-07 07:23:33.562673|ERROR   |              |   | TS3ANetwork::ResolveHostName failed error: -3 (Temporary failure in name resolution) 11
2017-06-07 07:33:33.517170|ERROR   |              |   | TS3ANetwork::ResolveHostName failed error: -3 (Temporary failure in name resolution) 11
2017-06-07 07:53:35.114602|ERROR   |              |   | TS3ANetwork::ResolveHostName failed error: -3 (Temporary failure in name resolution) 11
2017-06-07 08:03:37.065288|ERROR   |              |   | TS3ANetwork::ResolveHostName failed error: -3 (Temporary failure in name resolution) 11
2017-06-07 08:23:33.545848|ERROR   |              |   | TS3ANetwork::ResolveHostName failed error: -3 (Temporary failure in name resolution) 11
2017-06-07 08:33:35.080004|ERROR   |              |   | TS3ANetwork::ResolveHostName failed error: -3 (Temporary failure in name resolution) 11
2017-06-07 08:43:37.115345|ERROR   |              |   | TS3ANetwork::ResolveHostName failed error: -3 (Temporary failure in name resolution) 11
2017-06-07 09:03:33.533836|ERROR   |              |   | TS3ANetwork::ResolveHostName failed error: -3 (Temporary failure in name resolution) 11
2017-06-07 09:13:35.070944|ERROR   |              |   | TS3ANetwork::ResolveHostName failed error: -3 (Temporary failure in name resolution) 11
2017-06-07 09:23:37.115029|ERROR   |              |   | TS3ANetwork::ResolveHostName failed error: -3 (Temporary failure in name resolution) 11
2017-06-07 09:43:33.586638|ERROR   |              |   | TS3ANetwork::ResolveHostName failed error: -3 (Temporary failure in name resolution) 11
2017-06-07 09:53:35.020198|ERROR   |              |   | TS3ANetwork::ResolveHostName failed error: -3 (Temporary failure in name resolution) 11
2017-06-07 10:03:37.057801|ERROR   |              |   | TS3ANetwork::ResolveHostName failed error: -3 (Temporary failure in name resolution) 11
2017-06-07 10:23:33.585879|ERROR   |              |   | TS3ANetwork::ResolveHostName failed error: -3 (Temporary failure in name resolution) 11
2017-06-07 10:33:35.029388|ERROR   |              |   | TS3ANetwork::ResolveHostName failed error: -3 (Temporary failure in name resolution) 11
2017-06-07 10:43:37.061798|ERROR   |              |   | TS3ANetwork::ResolveHostName failed error: -3 (Temporary failure in name resolution) 11
2017-06-07 11:03:33.608555|ERROR   |              |   | TS3ANetwork::ResolveHostName failed error: -3 (Temporary failure in name resolution) 11
2017-06-07 11:13:35.064014|ERROR   |              |   | TS3ANetwork::ResolveHostName failed error: -3 (Temporary failure in name resolution) 11
2017-06-07 11:23:37.105631|ERROR   |              |   | TS3ANetwork::ResolveHostName failed error: -3 (Temporary failure in name resolution) 11
2017-06-07 11:43:33.667391|ERROR   |              |   | TS3ANetwork::ResolveHostName failed error: -3 (Temporary failure in name resolution) 11
2017-06-07 11:53:35.117244|ERROR   |              |   | TS3ANetwork::ResolveHostName failed error: -3 (Temporary failure in name resolution) 11
2017-06-07 12:03:37.048752|ERROR   |              |   | TS3ANetwork::ResolveHostName failed error: -3 (Temporary failure in name resolution) 11
2017-06-07 12:23:33.735136|ERROR   |              |   | TS3ANetwork::ResolveHostName failed error: -3 (Temporary failure in name resolution) 11
2017-06-07 12:33:35.069724|ERROR   |              |   | TS3ANetwork::ResolveHostName failed error: -3 (Temporary failure in name resolution) 11
2017-06-07 12:43:37.103999|ERROR   |              |   | TS3ANetwork::ResolveHostName failed error: -3 (Temporary failure in name resolution) 11
2017-06-07 13:03:33.788725|ERROR   |              |   | TS3ANetwork::ResolveHostName failed error: -3 (Temporary failure in name resolution) 11
2017-06-07 13:13:35.104050|ERROR   |              |   | TS3ANetwork::ResolveHostName failed error: -3 (Temporary failure in name resolution) 11
2017-06-07 13:23:37.055016|ERROR   |              |   | TS3ANetwork::ResolveHostName failed error: -3 (Temporary failure in name resolution) 11
2017-06-07 13:43:33.720109|ERROR   |              |   | TS3ANetwork::ResolveHostName failed error: -3 (Temporary failure in name resolution) 11
2017-06-07 13:53:35.068212|ERROR   |              |   | TS3ANetwork::ResolveHostName failed error: -3 (Temporary failure in name resolution) 11
2017-06-07 14:03:37.116671|ERROR   |              |   | TS3ANetwork::ResolveHostName failed error: -3 (Temporary failure in name resolution) 11
2017-06-07 14:23:33.817189|ERROR   |              |   | TS3ANetwork::ResolveHostName failed error: -3 (Temporary failure in name resolution) 11
2017-06-07 14:33:35.057326|ERROR   |              |   | TS3ANetwork::ResolveHostName failed error: -3 (Temporary failure in name resolution) 11
2017-06-07 14:43:37.108405|ERROR   |              |   | TS3ANetwork::ResolveHostName failed error: -3 (Temporary failure in name resolution) 11
2017-06-07 15:03:33.795185|ERROR   |              |   | TS3ANetwork::ResolveHostName failed error: -3 (Temporary failure in name resolution) 11
2017-06-07 15:13:35.101178|ERROR   |              |   | TS3ANetwork::ResolveHostName failed error: -3 (Temporary failure in name resolution) 11
2017-06-07 15:23:37.054946|ERROR   |              |   | TS3ANetwork::ResolveHostName failed error: -3 (Temporary failure in name resolution) 11
2017-06-07 15:43:33.818594|ERROR   |              |   | TS3ANetwork::ResolveHostName failed error: -3 (Temporary failure in name resolution) 11
2017-06-07 15:53:35.066939|ERROR   |              |   | TS3ANetwork::ResolveHostName failed error: -3 (Temporary failure in name resolution) 11
2017-06-07 16:03:37.120641|ERROR   |              |   | TS3ANetwork::ResolveHostName failed error: -3 (Temporary failure in name resolution) 11
2017-06-07 16:23:33.872986|ERROR   |              |   | TS3ANetwork::ResolveHostName failed error: -3 (Temporary failure in name resolution) 11
2017-06-07 16:33:35.104068|ERROR   |              |   | TS3ANetwork::ResolveHostName failed error: -3 (Temporary failure in name resolution) 11
2017-06-07 16:43:37.025034|ERROR   |              |   | TS3ANetwork::ResolveHostName failed error: -3 (Temporary failure in name resolution) 11
2017-06-07 17:03:33.956711|ERROR   |              |   | TS3ANetwork::ResolveHostName failed error: -3 (Temporary failure in name resolution) 11
2017-06-07 17:13:34.108223|ERROR   |              |   | TS3ANetwork::ResolveHostName failed error: -3 (Temporary failure in name resolution) 11
2017-06-07 17:18:44.736735|INFO    |ServerMain    |   | Received signal SIGTERM, shutting down.
