2017-12-22 00:21:31.689736|INFO    |ServerLibPriv |   | TeamSpeak 3 Server 3.0.11.3 (2015-04-13 13:26:31)
2017-12-22 00:21:31.693231|INFO    |ServerLibPriv |   | SystemInformation: Linux 4.4.0-104-generic #127-Ubuntu SMP Mon Dec 11 12:16:42 UTC 2017 x86_64 Binary: 64bit
2017-12-22 00:21:31.700120|INFO    |DatabaseQuery |   | dbPlugin name:    SQLite3 plugin, Version 2, (c)TeamSpeak Systems GmbH
2017-12-22 00:21:31.700872|INFO    |DatabaseQuery |   | dbPlugin version: 3.6.21
2017-12-22 00:21:31.703119|INFO    |DatabaseQuery |   | checking database integrity (may take a while)
2017-12-22 00:21:31.722096|WARNING |Accounting    |   | Unable to find valid license key, falling back to limited functionality
2017-12-22 00:21:32.282219|INFO    |              |   | Puzzle precompute time: 545
2017-12-22 00:21:32.284060|INFO    |FileManager   |   | listening on 0.0.0.0:30033
2017-12-22 00:21:32.284147|ERROR   |              |   | TS3ANetwork::ResolveHostName failed error: -2 (Name or service not known) 2
2017-12-22 00:21:32.284170|ERROR   |              |   | Could not open default UDP connection for weblist
2017-12-22 00:21:32.305022|INFO    |CIDRManager   |   | updated query_ip_whitelist ips: 127.0.0.1, 
2017-12-22 00:21:32.305457|INFO    |Query         |   | listening on 0.0.0.0:10011
2017-12-28 09:17:04.068233|ERROR   |              |   | TS3ANetwork::ResolveHostName failed error: -3 (Temporary failure in name resolution) 11
2017-12-28 09:27:06.021852|ERROR   |              |   | TS3ANetwork::ResolveHostName failed error: -3 (Temporary failure in name resolution) 11
2018-01-01 00:00:31.820378|INFO    |VirtualSvrMgr |   | executing monthly interval
2018-01-01 00:00:31.822788|INFO    |VirtualSvrMgr |   | reset virtualserver traffic statistics
2018-01-24 12:59:00.057851|ERROR   |              |   | TS3ANetwork::ResolveHostName failed error: -3 (Temporary failure in name resolution) 11
2018-01-25 09:08:41.500569|ERROR   |              |   | TS3ANetwork::ResolveHostName failed error: -3 (Temporary failure in name resolution) 11
2018-01-25 09:18:43.052746|ERROR   |              |   | TS3ANetwork::ResolveHostName failed error: -3 (Temporary failure in name resolution) 11
2018-01-25 09:38:41.568917|ERROR   |              |   | TS3ANetwork::ResolveHostName failed error: -3 (Temporary failure in name resolution) 11
2018-01-25 09:48:43.012738|ERROR   |              |   | TS3ANetwork::ResolveHostName failed error: -3 (Temporary failure in name resolution) 11
2018-01-25 09:58:45.062661|ERROR   |              |   | TS3ANetwork::ResolveHostName failed error: -3 (Temporary failure in name resolution) 11
2018-01-30 09:59:18.196383|ERROR   |              |   | TS3ANetwork::ResolveHostName failed error: -3 (Temporary failure in name resolution) 11
2018-02-01 00:00:31.818995|INFO    |VirtualSvrMgr |   | executing monthly interval
2018-02-01 00:00:31.821464|INFO    |VirtualSvrMgr |   | reset virtualserver traffic statistics
2018-02-18 22:00:48.311600|INFO    |ServerMain    |   | Received signal SIGTERM, shutting down.
