[?1h=[?25l[H[2J(B[mtop - 13:19:13 up 13 days, 16:28,  3 users,  load average: 0.26, 0.39, 0.46(B[m[39;49m(B[m[39;49m[K
Tasks:(B[m[39;49m[1m 150 (B[m[39;49mtotal,(B[m[39;49m[1m   1 (B[m[39;49mrunning,(B[m[39;49m[1m 149 (B[m[39;49msleeping,(B[m[39;49m[1m   0 (B[m[39;49mstopped,(B[m[39;49m[1m   0 (B[m[39;49mzombie(B[m[39;49m(B[m[39;49m[K
%Cpu(s):(B[m[39;49m[1m  7.0 (B[m[39;49mus,(B[m[39;49m[1m  0.4 (B[m[39;49msy,(B[m[39;49m[1m  0.0 (B[m[39;49mni,(B[m[39;49m[1m 92.5 (B[m[39;49mid,(B[m[39;49m[1m  0.0 (B[m[39;49mwa,(B[m[39;49m[1m  0.0 (B[m[39;49mhi,(B[m[39;49m[1m  0.1 (B[m[39;49msi,(B[m[39;49m[1m  0.0 (B[m[39;49mst(B[m[39;49m(B[m[39;49m[K
KiB Mem :(B[m[39;49m[1m  8044300 (B[m[39;49mtotal,(B[m[39;49m[1m   496720 (B[m[39;49mfree,(B[m[39;49m[1m  5506908 (B[m[39;49mused,(B[m[39;49m[1m  2040672 (B[m[39;49mbuff/cache(B[m[39;49m(B[m[39;49m[K
KiB Swap:(B[m[39;49m[1m  8255484 (B[m[39;49mtotal,(B[m[39;49m[1m  7672800 (B[m[39;49mfree,(B[m[39;49m[1m   582684 (B[m[39;49mused.(B[m[39;49m[1m  2222456 (B[m[39;49mavail Mem (B[m[39;49m(B[m[39;49m[K
[K
[7m  PID USER      PR  NI    VIRT    RES    SHR S  %CPU %MEM     TIME+ COMMAND                                       (B[m[39;49m[K
(B[m26681 root      20   0 4845976 1.551g  14484 S  13.3 20.2   6:00.14 java                                          (B[m[39;49m[K
(B[m    1 root      20   0  120316   3920   2816 S   0.0  0.0   0:11.35 systemd                                       (B[m[39;49m[K
(B[m    2 root      20   0       0      0      0 S   0.0  0.0   0:00.01 kthreadd                                      (B[m[39;49m[K
(B[m    3 root      20   0       0      0      0 S   0.0  0.0   0:02.58 ksoftirqd/0                                   (B[m[39;49m[K
(B[m    5 root       0 -20       0      0      0 S   0.0  0.0   0:00.00 kworker/0:0H                                  (B[m[39;49m[K
(B[m    7 root      20   0       0      0      0 S   0.0  0.0  25:13.43 rcu_sched                                     (B[m[39;49m[K
(B[m    8 root      20   0       0      0      0 S   0.0  0.0   0:00.00 rcu_bh                                        (B[m[39;49m[K
(B[m    9 root      rt   0       0      0      0 S   0.0  0.0   0:00.29 migration/0                                   (B[m[39;49m[K
(B[m   10 root      rt   0       0      0      0 S   0.0  0.0   0:03.54 watchdog/0                                    (B[m[39;49m[K
(B[m   11 root      rt   0       0      0      0 S   0.0  0.0   0:03.56 watchdog/1                                    (B[m[39;49m[K
(B[m   12 root      rt   0       0      0      0 S   0.0  0.0   0:00.06 migration/1                                   (B[m[39;49m[K
(B[m   13 root      20   0       0      0      0 S   0.0  0.0   0:02.67 ksoftirqd/1                                   (B[m[39;49m[K
(B[m   15 root       0 -20       0      0      0 S   0.0  0.0   0:00.00 kworker/1:0H                                  (B[m[39;49m[K
(B[m   16 root      20   0       0      0      0 S   0.0  0.0   0:00.00 kdevtmpfs                                     (B[m[39;49m[K
(B[m   17 root       0 -20       0      0      0 S   0.0  0.0   0:00.00 netns                                         (B[m[39;49m[K
(B[m   18 root       0 -20       0      0      0 S   0.0  0.0   0:00.00 perf                                          (B[m[39;49m[K
(B[m   19 root      20   0       0      0      0 S   0.0  0.0   0:00.31 khungtaskd                                    (B[m[39;49m[K
(B[m   20 root       0 -20       0      0      0 S   0.0  0.0   0:00.00 writeback                                     (B[m[39;49m[K[?25l[H(B[mtop - 13:19:14 up 13 days, 16:28,  3 users,  load average: 0.26, 0.39, 0.46(B[m[39;49m(B[m[39;49m[K
Tasks:(B[m[39;49m[1m 152 (B[m[39;49mtotal,(B[m[39;49m[1m   1 (B[m[39;49mrunning,(B[m[39;49m[1m 151 (B[m[39;49msleeping,(B[m[39;49m[1m   0 (B[m[39;49mstopped,(B[m[39;49m[1m   0 (B[m[39;49mzombie(B[m[39;49m(B[m[39;49m[K
%Cpu(s):(B[m[39;49m[1m 15.6 (B[m[39;49mus,(B[m[39;49m[1m  1.1 (B[m[39;49msy,(B[m[39;49m[1m  0.0 (B[m[39;49mni,(B[m[39;49m[1m 83.2 (B[m[39;49mid,(B[m[39;49m[1m  0.0 (B[m[39;49mwa,(B[m[39;49m[1m  0.0 (B[m[39;49mhi,(B[m[39;49m[1m  0.0 (B[m[39;49msi,(B[m[39;49m[1m  0.0 (B[m[39;49mst(B[m[39;49m(B[m[39;49m[K
KiB Mem :(B[m[39;49m[1m  8044300 (B[m[39;49mtotal,(B[m[39;49m[1m   496132 (B[m[39;49mfree,(B[m[39;49m[1m  5507508 (B[m[39;49mused,(B[m[39;49m[1m  2040660 (B[m[39;49mbuff/cache(B[m[39;49m(B[m[39;49m[K
KiB Swap:(B[m[39;49m[1m  8255484 (B[m[39;49mtotal,(B[m[39;49m[1m  7672816 (B[m[39;49mfree,(B[m[39;49m[1m   582668 (B[m[39;49mused.(B[m[39;49m[1m  2221860 (B[m[39;49mavail Mem (B[m[39;49m(B[m[39;49m[K
[K
[7m  PID USER      PR  NI    VIRT    RES    SHR S  %CPU %MEM     TIME+ COMMAND                                       (B[m[39;49m[K
(B[m26681 root      20   0 4845976 1.551g  14484 S  28.6 20.2   6:00.52 java                                          (B[m[39;49m[K
(B[m27724 root      20   0 4950668 3.661g  52908 S   6.8 47.7   1:17.00 ShooterGameServ                               (B[m[39;49m[K
(B[m    1 root      20   0  120316   3920   2816 S   0.0  0.0   0:11.35 systemd                                       (B[m[39;49m[K
(B[m    2 root      20   0       0      0      0 S   0.0  0.0   0:00.01 kthreadd                                      (B[m[39;49m[K
(B[m    3 root      20   0       0      0      0 S   0.0  0.0   0:02.58 ksoftirqd/0                                   (B[m[39;49m[K
(B[m    5 root       0 -20       0      0      0 S   0.0  0.0   0:00.00 kworker/0:0H                                  (B[m[39;49m[K
(B[m    7 root      20   0       0      0      0 S   0.0  0.0  25:13.43 rcu_sched                                     (B[m[39;49m[K
(B[m    8 root      20   0       0      0      0 S   0.0  0.0   0:00.00 rcu_bh                                        (B[m[39;49m[K
(B[m    9 root      rt   0       0      0      0 S   0.0  0.0   0:00.29 migration/0                                   (B[m[39;49m[K
(B[m   10 root      rt   0       0      0      0 S   0.0  0.0   0:03.54 watchdog/0                                    (B[m[39;49m[K
(B[m   11 root      rt   0       0      0      0 S   0.0  0.0   0:03.56 watchdog/1                                    (B[m[39;49m[K
(B[m   12 root      rt   0       0      0      0 S   0.0  0.0   0:00.06 migration/1                                   (B[m[39;49m[K
(B[m   13 root      20   0       0      0      0 S   0.0  0.0   0:02.67 ksoftirqd/1                                   (B[m[39;49m[K
(B[m   15 root       0 -20       0      0      0 S   0.0  0.0   0:00.00 kworker/1:0H                                  (B[m[39;49m[K
(B[m   16 root      20   0       0      0      0 S   0.0  0.0   0:00.00 kdevtmpfs                                     (B[m[39;49m[K
(B[m   17 root       0 -20       0      0      0 S   0.0  0.0   0:00.00 netns                                         (B[m[39;49m[K
(B[m   18 root       0 -20       0      0      0 S   0.0  0.0   0:00.00 perf                                          (B[m[39;49m[K
(B[m   19 root      20   0       0      0      0 S   0.0  0.0   0:00.31 khungtaskd                                    (B[m[39;49m[K[?25l[H(B[mtop - 13:19:15 up 13 days, 16:28,  3 users,  load average: 0.24, 0.38, 0.45(B[m[39;49m(B[m[39;49m[K
Tasks:(B[m[39;49m[1m 152 (B[m[39;49mtotal,(B[m[39;49m[1m   2 (B[m[39;49mrunning,(B[m[39;49m[1m 150 (B[m[39;49msleeping,(B[m[39;49m[1m   0 (B[m[39;49mstopped,(B[m[39;49m[1m   0 (B[m[39;49mzombie(B[m[39;49m(B[m[39;49m[K
%Cpu(s):(B[m[39;49m[1m 15.9 (B[m[39;49mus,(B[m[39;49m[1m  0.5 (B[m[39;49msy,(B[m[39;49m[1m  0.0 (B[m[39;49mni,(B[m[39;49m[1m 83.5 (B[m[39;49mid,(B[m[39;49m[1m  0.0 (B[m[39;49mwa,(B[m[39;49m[1m  0.0 (B[m[39;49mhi,(B[m[39;49m[1m  0.0 (B[m[39;49msi,(B[m[39;49m[1m  0.0 (B[m[39;49mst(B[m[39;49m(B[m[39;49m[K
KiB Mem :(B[m[39;49m[1m  8044300 (B[m[39;49mtotal,(B[m[39;49m[1m   495636 (B[m[39;49mfree,(B[m[39;49m[1m  5507988 (B[m[39;49mused,(B[m[39;49m[1m  2040676 (B[m[39;49mbuff/cache(B[m[39;49m(B[m[39;49m[K
KiB Swap:(B[m[39;49m[1m  8255484 (B[m[39;49mtotal,(B[m[39;49m[1m  7672816 (B[m[39;49mfree,(B[m[39;49m[1m   582668 (B[m[39;49mused.(B[m[39;49m[1m  2221380 (B[m[39;49mavail Mem (B[m[39;49m(B[m[39;49m[K
[K
[7m  PID USER      PR  NI    VIRT    RES    SHR S  %CPU %MEM     TIME+ COMMAND                                       (B[m[39;49m[K
(B[m26681 root      20   0 4845976 1.551g  14484 S  25.3 20.2   6:00.75 java                                          (B[m[39;49m[K
(B[m27724 root      20   0 4950668 3.661g  52908 S   7.7 47.7   1:17.07 ShooterGameServ                               (B[m[39;49m[K
(B[m    1 root      20   0  120316   3920   2816 S   0.0  0.0   0:11.35 systemd                                       (B[m[39;49m[K
(B[m    2 root      20   0       0      0      0 S   0.0  0.0   0:00.01 kthreadd                                      (B[m[39;49m[K
(B[m    3 root      20   0       0      0      0 S   0.0  0.0   0:02.58 ksoftirqd/0                                   (B[m[39;49m[K
(B[m    5 root       0 -20       0      0      0 S   0.0  0.0   0:00.00 kworker/0:0H                                  (B[m[39;49m[K
(B[m    7 root      20   0       0      0      0 S   0.0  0.0  25:13.43 rcu_sched                                     (B[m[39;49m[K
(B[m    8 root      20   0       0      0      0 S   0.0  0.0   0:00.00 rcu_bh                                        (B[m[39;49m[K
(B[m    9 root      rt   0       0      0      0 S   0.0  0.0   0:00.29 migration/0                                   (B[m[39;49m[K
(B[m   10 root      rt   0       0      0      0 S   0.0  0.0   0:03.54 watchdog/0                                    (B[m[39;49m[K
(B[m   11 root      rt   0       0      0      0 S   0.0  0.0   0:03.56 watchdog/1                                    (B[m[39;49m[K
(B[m   12 root      rt   0       0      0      0 S   0.0  0.0   0:00.06 migration/1                                   (B[m[39;49m[K
(B[m   13 root      20   0       0      0      0 S   0.0  0.0   0:02.67 ksoftirqd/1                                   (B[m[39;49m[K
(B[m   15 root       0 -20       0      0      0 S   0.0  0.0   0:00.00 kworker/1:0H                                  (B[m[39;49m[K
(B[m   16 root      20   0       0      0      0 S   0.0  0.0   0:00.00 kdevtmpfs                                     (B[m[39;49m[K
(B[m   17 root       0 -20       0      0      0 S   0.0  0.0   0:00.00 netns                                         (B[m[39;49m[K
(B[m   18 root       0 -20       0      0      0 S   0.0  0.0   0:00.00 perf                                          (B[m[39;49m[K
(B[m   19 root      20   0       0      0      0 S   0.0  0.0   0:00.31 khungtaskd                                    (B[m[39;49m[K[?1l>[26;1H
[?12l[?25h[K