[S_API FAIL] SteamAPI_Init() failed; SteamAPI_IsSteamRunning() failed.
Setting breakpad minidump AppID = 346110
Using binned.
4.5.1-0+UE4 7038 3077 402 6
CtrlCHandler: Signal=15
../start.sh: line 2: 10800 Aborted                 (core dumped) sudo /home/ark/serverfiles/ShooterGame/Binaries/Linux/ShooterGameServer TheIsland?listen?SessionName=rocksandtrees?ServerPassword=andwater?ServerAdminPassword=hondaktm -server -log -servergamelog -usecache
[S_API FAIL] SteamAPI_Init() failed; SteamAPI_IsSteamRunning() failed.
Setting breakpad minidump AppID = 346110
[S_API FAIL] SteamAPI_Init() failed; SteamAPI_IsSteamRunning() failed.
[S_API FAIL] SteamAPI_Init() failed; SteamAPI_IsSteamRunning() failed.
Using binned.
4.5.1-0+UE4 7038 3077 402 6
CtrlCHandler: Signal=15
CtrlCHandler: Signal=15
../start.sh: line 2: 11048 Aborted                 (core dumped) sudo /home/ark/serverfiles/ShooterGame/Binaries/Linux/ShooterGameServer TheIsland?listen?SessionName=rocksandtrees?ServerPassword=andwater?ServerAdminPassword=hondaktm -server -log -servergamelog -usecache
[S_API FAIL] SteamAPI_Init() failed; SteamAPI_IsSteamRunning() failed.
Setting breakpad minidump AppID = 346110
Using binned.
4.5.1-0+UE4 7038 3077 402 6
CreateBoundSocket: ::bind couldn't find an open port between 27015 and 27015
CreateBoundSocket: ::bind couldn't find an open port between 27015 and 27015
CtrlCHandler: Signal=15
../start.sh: line 2: 11199 Aborted                 (core dumped) sudo /home/ark/serverfiles/ShooterGame/Binaries/Linux/ShooterGameServer TheIsland?listen?SessionName=rocksandtrees?ServerPassword=andwater?ServerAdminPassword=hondaktm -server -log -servergamelog -usecache
[S_API FAIL] SteamAPI_Init() failed; SteamAPI_IsSteamRunning() failed.
[S_API FAIL] SteamAPI_Init() failed; SteamAPI_IsSteamRunning() failed.
Using binned.
4.5.1-0+UE4 7038 3077 402 6
CtrlCHandler: Signal=15
CtrlCHandler: Signal=15
Using binned.
4.5.1-0+UE4 7038 3077 402 6
CreateBoundSocket: ::bind couldn't find an open port between 27015 and 27015
CreateBoundSocket: ::bind couldn't find an open port between 27015 and 27015
CtrlCHandler: Signal=15
CtrlCHandler: Signal=15
../start.sh: line 2: 11353 Aborted                 (core dumped) sudo /home/ark/serverfiles/ShooterGame/Binaries/Linux/ShooterGameServer TheIsland?listen?SessionName=rocksandtrees?ServerPassword=andwater?ServerAdminPassword=hondaktm -server -log -servergamelog -usecache
../start.sh: line 2: 11526 Aborted                 (core dumped) sudo /home/ark/serverfiles/ShooterGame/Binaries/Linux/ShooterGameServer TheIsland?listen?SessionName=rocksandtrees?ServerPassword=andwater?ServerAdminPassword=hondaktm -server -log -servergamelog -usecache
[S_API FAIL] SteamAPI_Init() failed; SteamAPI_IsSteamRunning() failed.
Setting breakpad minidump AppID = 346110
Using binned.
4.5.1-0+UE4 7038 3077 402 6
CtrlCHandler: Signal=15
CtrlCHandler: Signal=15
../start.sh: line 2: 11705 Aborted                 (core dumped) sudo /home/ark/serverfiles/ShooterGame/Binaries/Linux/ShooterGameServer TheIsland?listen?SessionName=rocksandtrees?ServerPassword=andwater?ServerAdminPassword=hondaktm -server -log -servergamelog -usecache
[S_API FAIL] SteamAPI_Init() failed; SteamAPI_IsSteamRunning() failed.
Setting breakpad minidump AppID = 346110
Using binned.
4.5.1-0+UE4 7038 3077 402 6
CtrlCHandler: Signal=15
CtrlCHandler: Signal=15
../start.sh: line 2: 12407 Aborted                 (core dumped) sudo /home/ark/serverfiles/ShooterGame/Binaries/Linux/ShooterGameServer TheIsland?listen?SessionName=rocksandtrees?ServerPassword=andwater?ServerAdminPassword=hondaktm -server -log -servergamelog -usecache
[S_API FAIL] SteamAPI_Init() failed; SteamAPI_IsSteamRunning() failed.
Setting breakpad minidump AppID = 346110
Using binned.
4.5.1-0+UE4 7038 3077 402 6
CtrlCHandler: Signal=15
CtrlCHandler: Signal=15
../start.sh: line 2: 13522 Aborted                 (core dumped) sudo /home/ark/serverfiles/ShooterGame/Binaries/Linux/ShooterGameServer TheIsland?listen?SessionName=rocksandtrees?ServerPassword=andwater?ServerAdminPassword=hondaktm -server -log -servergamelog -usecache
[S_API FAIL] SteamAPI_Init() failed; SteamAPI_IsSteamRunning() failed.
Setting breakpad minidump AppID = 346110
Using binned.
4.5.1-0+UE4 7038 3077 402 6
CtrlCHandler: Signal=15
CtrlCHandler: Signal=15
../start.sh: line 2: 13743 Aborted                 (core dumped) sudo /home/ark/serverfiles/ShooterGame/Binaries/Linux/ShooterGameServer TheIsland?listen?SessionName=rocksandtrees?ServerPassword=andwater?ServerAdminPassword=hondaktm -server -log -servergamelog -usecache
[S_API FAIL] SteamAPI_Init() failed; SteamAPI_IsSteamRunning() failed.
Setting breakpad minidump AppID = 346110
Using binned.
4.5.1-0+UE4 7038 3077 402 6
CtrlCHandler: Signal=15
CtrlCHandler: Signal=1
[S_API FAIL] SteamAPI_Init() failed; SteamAPI_IsSteamRunning() failed.
Setting breakpad minidump AppID = 346110
Using binned.
4.5.1-0+UE4 7038 3077 402 6
CtrlCHandler: Signal=15
CtrlCHandler: Signal=15
../start.sh: line 2: 24062 Aborted                 (core dumped) sudo /home/ark/serverfiles/ShooterGame/Binaries/Linux/ShooterGameServer TheIsland?listen?SessionName=rocksandtrees?ServerPassword=andwater?ServerAdminPassword=hondaktm -server -log -servergamelog -usecache -ForceAllowCaveFlyers -nomansky -OverideStructurePlatformPrevention=true -USEALLAVAILABLECORES
[S_API FAIL] SteamAPI_Init() failed; SteamAPI_IsSteamRunning() failed.
Setting breakpad minidump AppID = 346110
Using binned.
4.5.1-0+UE4 7038 3077 402 6
STEAMPS3 - AsyncTCPSocket created
STEAMPS3 - AsncTCPSocket destroyed
CtrlCHandler: Signal=15
CtrlCHandler: Signal=1
[S_API FAIL] SteamAPI_Init() failed; SteamAPI_IsSteamRunning() failed.
Setting breakpad minidump AppID = 346110
Using binned.
4.5.1-0+UE4 7038 3077 402 6
CtrlCHandler: Signal=15
CtrlCHandler: Signal=15
../start.sh: line 2:  7447 Aborted                 (core dumped) sudo /home/ark/serverfiles/ShooterGame/Binaries/Linux/ShooterGameServer TheIsland?listen?SessionName=rocksandtrees?ServerPassword=andwater?ServerAdminPassword=hondaktm -server -log -servergamelog -usecache -ForceAllowCaveFlyers -nomansky -OverideStructurePlatformPrevention=true -USEALLAVAILABLECORES
